{"C:\\Users\\Marcelo\\source\\repos\\easy-patients-manager\\src\\App.d.ts": {"path":"C:\\Users\\Marcelo\\source\\repos\\easy-patients-manager\\src\\App.d.ts","statementMap":{},"fnMap":{},"branchMap":{},"s":{},"f":{},"b":{}}
,"C:\\Users\\Marcelo\\source\\repos\\easy-patients-manager\\src\\App.tsx": {"path":"C:\\Users\\Marcelo\\source\\repos\\easy-patients-manager\\src\\App.tsx","statementMap":{"0":{"start":{"line":2,"column":0},"end":{"line":2,"column":53}},"1":{"start":{"line":3,"column":0},"end":{"line":3,"column":19}},"2":{"start":{"line":5,"column":22},"end":{"line":11,"column":1}},"3":{"start":{"line":6,"column":2},"end":{"line":10,"column":4}},"4":{"start":{"line":13,"column":0},"end":{"line":13,"column":19}}},"fnMap":{"0":{"name":"(anonymous_0)","decl":{"start":{"line":5,"column":22},"end":{"line":5,"column":25}},"loc":{"start":{"line":5,"column":27},"end":{"line":11,"column":1}}}},"branchMap":{},"s":{"0":0,"1":0,"2":0,"3":0,"4":0},"f":{"0":0},"b":{}}
,"C:\\Users\\Marcelo\\source\\repos\\easy-patients-manager\\src\\declarations.d.ts": {"path":"C:\\Users\\Marcelo\\source\\repos\\easy-patients-manager\\src\\declarations.d.ts","statementMap":{},"fnMap":{},"branchMap":{},"s":{},"f":{},"b":{}}
,"C:\\Users\\Marcelo\\source\\repos\\easy-patients-manager\\src\\index.d.ts": {"path":"C:\\Users\\Marcelo\\source\\repos\\easy-patients-manager\\src\\index.d.ts","statementMap":{},"fnMap":{},"branchMap":{},"s":{},"f":{},"b":{}}
,"C:\\Users\\Marcelo\\source\\repos\\easy-patients-manager\\src\\index.tsx": {"path":"C:\\Users\\Marcelo\\source\\repos\\easy-patients-manager\\src\\index.tsx","statementMap":{"0":{"start":{"line":1,"column":0},"end":{"line":1,"column":26}},"1":{"start":{"line":2,"column":0},"end":{"line":2,"column":46}},"2":{"start":{"line":3,"column":0},"end":{"line":3,"column":39}},"3":{"start":{"line":4,"column":0},"end":{"line":4,"column":24}},"4":{"start":{"line":5,"column":0},"end":{"line":5,"column":28}},"5":{"start":{"line":6,"column":0},"end":{"line":6,"column":21}},"6":{"start":{"line":8,"column":0},"end":{"line":8,"column":39}},"7":{"start":{"line":10,"column":18},"end":{"line":10,"column":49}},"8":{"start":{"line":11,"column":13},"end":{"line":11,"column":35}},"9":{"start":{"line":13,"column":0},"end":{"line":19,"column":2}}},"fnMap":{},"branchMap":{},"s":{"0":0,"1":0,"2":0,"3":0,"4":0,"5":0,"6":0,"7":0,"8":0,"9":0},"f":{},"b":{}}
,"C:\\Users\\Marcelo\\source\\repos\\easy-patients-manager\\src\\setupTests.d.ts": {"path":"C:\\Users\\Marcelo\\source\\repos\\easy-patients-manager\\src\\setupTests.d.ts","statementMap":{},"fnMap":{},"branchMap":{},"s":{},"f":{},"b":{}}
,"C:\\Users\\Marcelo\\source\\repos\\easy-patients-manager\\src\\setupTests.ts": {"path":"C:\\Users\\Marcelo\\source\\repos\\easy-patients-manager\\src\\setupTests.ts","statementMap":{"0":{"start":{"line":1,"column":0},"end":{"line":1,"column":49}}},"fnMap":{},"branchMap":{},"s":{"0":0},"f":{},"b":{}}
,"C:\\Users\\Marcelo\\source\\repos\\easy-patients-manager\\src\\vite-env.d.ts": {"path":"C:\\Users\\Marcelo\\source\\repos\\easy-patients-manager\\src\\vite-env.d.ts","statementMap":{},"fnMap":{},"branchMap":{},"s":{},"f":{},"b":{}}
,"C:\\Users\\Marcelo\\source\\repos\\easy-patients-manager\\src\\apiContacts\\apiDataSource.d.ts": {"path":"C:\\Users\\Marcelo\\source\\repos\\easy-patients-manager\\src\\apiContacts\\apiDataSource.d.ts","statementMap":{},"fnMap":{},"branchMap":{},"s":{},"f":{},"b":{}}
,"C:\\Users\\Marcelo\\source\\repos\\easy-patients-manager\\src\\apiContacts\\apiDataSource.test.d.ts": {"path":"C:\\Users\\Marcelo\\source\\repos\\easy-patients-manager\\src\\apiContacts\\apiDataSource.test.d.ts","statementMap":{},"fnMap":{},"branchMap":{},"s":{},"f":{},"b":{}}
,"C:\\Users\\Marcelo\\source\\repos\\easy-patients-manager\\src\\apiContacts\\apiDataSource.ts": {"path":"C:\\Users\\Marcelo\\source\\repos\\easy-patients-manager\\src\\apiContacts\\apiDataSource.ts","statementMap":{"0":{"start":{"line":1,"column":0},"end":{"line":1,"column":35}},"1":{"start":{"line":2,"column":0},"end":{"line":2,"column":38}},"2":{"start":{"line":8,"column":4},"end":{"line":8,"column":12}},"3":{"start":{"line":9,"column":4},"end":{"line":9,"column":33}},"4":{"start":{"line":13,"column":24},"end":{"line":13,"column":70}},"5":{"start":{"line":14,"column":4},"end":{"line":14,"column":56}},"6":{"start":{"line":16,"column":50},"end":{"line":16,"column":52}},"7":{"start":{"line":17,"column":39},"end":{"line":17,"column":43}},"8":{"start":{"line":19,"column":4},"end":{"line":38,"column":28}},"9":{"start":{"line":20,"column":6},"end":{"line":37,"column":7}},"10":{"start":{"line":21,"column":25},"end":{"line":26,"column":10}},"11":{"start":{"line":28,"column":28},"end":{"line":28,"column":55}},"12":{"start":{"line":29,"column":8},"end":{"line":29,"column":62}},"13":{"start":{"line":31,"column":8},"end":{"line":33,"column":9}},"14":{"start":{"line":32,"column":10},"end":{"line":32,"column":40}},"15":{"start":{"line":35,"column":8},"end":{"line":35,"column":57}},"16":{"start":{"line":36,"column":8},"end":{"line":36,"column":14}},"17":{"start":{"line":40,"column":4},"end":{"line":40,"column":20}},"18":{"start":{"line":44,"column":4},"end":{"line":53,"column":5}},"19":{"start":{"line":45,"column":23},"end":{"line":48,"column":8}},"20":{"start":{"line":49,"column":6},"end":{"line":49,"column":29}},"21":{"start":{"line":51,"column":6},"end":{"line":51,"column":54}},"22":{"start":{"line":52,"column":6},"end":{"line":52,"column":18}},"23":{"start":{"line":57,"column":4},"end":{"line":65,"column":5}},"24":{"start":{"line":58,"column":23},"end":{"line":60,"column":8}},"25":{"start":{"line":61,"column":6},"end":{"line":61,"column":29}},"26":{"start":{"line":63,"column":6},"end":{"line":63,"column":54}},"27":{"start":{"line":64,"column":6},"end":{"line":64,"column":18}},"28":{"start":{"line":69,"column":4},"end":{"line":79,"column":5}},"29":{"start":{"line":70,"column":23},"end":{"line":74,"column":8}},"30":{"start":{"line":75,"column":6},"end":{"line":75,"column":29}},"31":{"start":{"line":77,"column":6},"end":{"line":77,"column":54}},"32":{"start":{"line":78,"column":6},"end":{"line":78,"column":18}},"33":{"start":{"line":83,"column":4},"end":{"line":89,"column":5}},"34":{"start":{"line":84,"column":6},"end":{"line":86,"column":9}},"35":{"start":{"line":88,"column":6},"end":{"line":88,"column":54}},"36":{"start":{"line":93,"column":0},"end":{"line":93,"column":29}}},"fnMap":{"0":{"name":"(anonymous_1)","decl":{"start":{"line":7,"column":2},"end":{"line":7,"column":14}},"loc":{"start":{"line":7,"column":47},"end":{"line":10,"column":3}}},"1":{"name":"(anonymous_2)","decl":{"start":{"line":12,"column":2},"end":{"line":12,"column":7}},"loc":{"start":{"line":12,"column":21},"end":{"line":41,"column":3}}},"2":{"name":"(anonymous_3)","decl":{"start":{"line":43,"column":2},"end":{"line":43,"column":7}},"loc":{"start":{"line":43,"column":38},"end":{"line":54,"column":3}}},"3":{"name":"(anonymous_4)","decl":{"start":{"line":56,"column":2},"end":{"line":56,"column":7}},"loc":{"start":{"line":56,"column":56},"end":{"line":66,"column":3}}},"4":{"name":"(anonymous_5)","decl":{"start":{"line":68,"column":2},"end":{"line":68,"column":7}},"loc":{"start":{"line":68,"column":75},"end":{"line":80,"column":3}}},"5":{"name":"(anonymous_6)","decl":{"start":{"line":82,"column":2},"end":{"line":82,"column":7}},"loc":{"start":{"line":82,"column":39},"end":{"line":90,"column":3}}}},"branchMap":{"0":{"loc":{"start":{"line":25,"column":21},"end":{"line":25,"column":47}},"type":"binary-expr","locations":[{"start":{"line":25,"column":21},"end":{"line":25,"column":34}},{"start":{"line":25,"column":38},"end":{"line":25,"column":47}}]},"1":{"loc":{"start":{"line":29,"column":24},"end":{"line":29,"column":61}},"type":"binary-expr","locations":[{"start":{"line":29,"column":24},"end":{"line":29,"column":53}},{"start":{"line":29,"column":57},"end":{"line":29,"column":61}}]},"2":{"loc":{"start":{"line":31,"column":8},"end":{"line":33,"column":9}},"type":"if","locations":[{"start":{"line":31,"column":8},"end":{"line":33,"column":9}}]}},"s":{"0":0,"1":0,"2":0,"3":0,"4":0,"5":0,"6":0,"7":0,"8":0,"9":0,"10":0,"11":0,"12":0,"13":0,"14":0,"15":0,"16":0,"17":0,"18":0,"19":0,"20":0,"21":0,"22":0,"23":0,"24":0,"25":0,"26":0,"27":0,"28":0,"29":0,"30":0,"31":0,"32":0,"33":0,"34":0,"35":0,"36":0},"f":{"0":0,"1":0,"2":0,"3":0,"4":0,"5":0},"b":{"0":[0,0],"1":[0,0],"2":[0]}}
,"C:\\Users\\Marcelo\\source\\repos\\easy-patients-manager\\src\\apiContacts\\constants.d.ts": {"path":"C:\\Users\\Marcelo\\source\\repos\\easy-patients-manager\\src\\apiContacts\\constants.d.ts","statementMap":{},"fnMap":{},"branchMap":{},"s":{},"f":{},"b":{}}
,"C:\\Users\\Marcelo\\source\\repos\\easy-patients-manager\\src\\apiContacts\\constants.ts": {"path":"C:\\Users\\Marcelo\\source\\repos\\easy-patients-manager\\src\\apiContacts\\constants.ts","statementMap":{"0":{"start":{"line":1,"column":24},"end":{"line":6,"column":4}},"1":{"start":{"line":9,"column":4},"end":{"line":9,"column":19}}},"fnMap":{},"branchMap":{},"s":{"0":0,"1":0},"f":{},"b":{}}
,"C:\\Users\\Marcelo\\source\\repos\\easy-patients-manager\\src\\apiContacts\\dataSource.d.ts": {"path":"C:\\Users\\Marcelo\\source\\repos\\easy-patients-manager\\src\\apiContacts\\dataSource.d.ts","statementMap":{},"fnMap":{},"branchMap":{},"s":{},"f":{},"b":{}}
,"C:\\Users\\Marcelo\\source\\repos\\easy-patients-manager\\src\\apiContacts\\dataSource.ts": {"path":"C:\\Users\\Marcelo\\source\\repos\\easy-patients-manager\\src\\apiContacts\\dataSource.ts","statementMap":{"0":{"start":{"line":5,"column":0},"end":{"line":5,"column":26}}},"fnMap":{},"branchMap":{},"s":{"0":0},"f":{},"b":{}}
,"C:\\Users\\Marcelo\\source\\repos\\easy-patients-manager\\src\\apiContacts\\filterContacts.d.ts": {"path":"C:\\Users\\Marcelo\\source\\repos\\easy-patients-manager\\src\\apiContacts\\filterContacts.d.ts","statementMap":{},"fnMap":{},"branchMap":{},"s":{},"f":{},"b":{}}
,"C:\\Users\\Marcelo\\source\\repos\\easy-patients-manager\\src\\apiContacts\\filterContacts.ts": {"path":"C:\\Users\\Marcelo\\source\\repos\\easy-patients-manager\\src\\apiContacts\\filterContacts.ts","statementMap":{"0":{"start":{"line":64,"column":2},"end":{"line":64,"column":16}},"1":{"start":{"line":65,"column":2},"end":{"line":65,"column":23}},"2":{"start":{"line":66,"column":2},"end":{"line":66,"column":46}},"3":{"start":{"line":2,"column":0},"end":{"line":2,"column":46}},"4":{"start":{"line":13,"column":25},"end":{"line":19,"column":4}},"5":{"start":{"line":14,"column":24},"end":{"line":14,"column":48}},"6":{"start":{"line":15,"column":4},"end":{"line":18,"column":6}},"7":{"start":{"line":16,"column":6},"end":{"line":17,"column":90}},"8":{"start":{"line":22,"column":2},"end":{"line":27,"column":3}},"9":{"start":{"line":23,"column":4},"end":{"line":26,"column":7}},"10":{"start":{"line":24,"column":26},"end":{"line":24,"column":77}},"11":{"start":{"line":25,"column":6},"end":{"line":25,"column":46}},"12":{"start":{"line":29,"column":2},"end":{"line":29,"column":26}},"13":{"start":{"line":39,"column":2},"end":{"line":45,"column":5}},"14":{"start":{"line":40,"column":24},"end":{"line":40,"column":48}},"15":{"start":{"line":41,"column":4},"end":{"line":44,"column":6}},"16":{"start":{"line":42,"column":6},"end":{"line":43,"column":90}},"17":{"start":{"line":54,"column":2},"end":{"line":60,"column":5}},"18":{"start":{"line":55,"column":24},"end":{"line":55,"column":48}},"19":{"start":{"line":56,"column":4},"end":{"line":59,"column":6}},"20":{"start":{"line":57,"column":6},"end":{"line":58,"column":91}}},"fnMap":{"0":{"name":"filterContacts","decl":{"start":{"line":11,"column":9},"end":{"line":11,"column":23}},"loc":{"start":{"line":11,"column":105},"end":{"line":30,"column":1}}},"1":{"name":"(anonymous_1)","decl":{"start":{"line":13,"column":41},"end":{"line":13,"column":47}},"loc":{"start":{"line":13,"column":50},"end":{"line":19,"column":3}}},"2":{"name":"(anonymous_2)","decl":{"start":{"line":15,"column":28},"end":{"line":15,"column":38}},"loc":{"start":{"line":16,"column":6},"end":{"line":17,"column":90}}},"3":{"name":"(anonymous_3)","decl":{"start":{"line":23,"column":47},"end":{"line":23,"column":53}},"loc":{"start":{"line":23,"column":56},"end":{"line":26,"column":5}}},"4":{"name":"filterContactsByGroup","decl":{"start":{"line":38,"column":9},"end":{"line":38,"column":30}},"loc":{"start":{"line":38,"column":92},"end":{"line":46,"column":1}}},"5":{"name":"(anonymous_5)","decl":{"start":{"line":39,"column":25},"end":{"line":39,"column":31}},"loc":{"start":{"line":39,"column":34},"end":{"line":45,"column":3}}},"6":{"name":"(anonymous_6)","decl":{"start":{"line":41,"column":28},"end":{"line":41,"column":38}},"loc":{"start":{"line":42,"column":6},"end":{"line":43,"column":90}}},"7":{"name":"returnContactsThatDoNotBelongToPatientGroups","decl":{"start":{"line":53,"column":9},"end":{"line":53,"column":53}},"loc":{"start":{"line":53,"column":89},"end":{"line":61,"column":1}}},"8":{"name":"(anonymous_8)","decl":{"start":{"line":54,"column":25},"end":{"line":54,"column":31}},"loc":{"start":{"line":54,"column":34},"end":{"line":60,"column":3}}},"9":{"name":"(anonymous_9)","decl":{"start":{"line":56,"column":29},"end":{"line":56,"column":39}},"loc":{"start":{"line":57,"column":6},"end":{"line":58,"column":91}}}},"branchMap":{"0":{"loc":{"start":{"line":14,"column":24},"end":{"line":14,"column":48}},"type":"binary-expr","locations":[{"start":{"line":14,"column":24},"end":{"line":14,"column":42}},{"start":{"line":14,"column":46},"end":{"line":14,"column":48}}]},"1":{"loc":{"start":{"line":16,"column":6},"end":{"line":17,"column":90}},"type":"binary-expr","locations":[{"start":{"line":16,"column":6},"end":{"line":16,"column":39}},{"start":{"line":17,"column":6},"end":{"line":17,"column":90}}]},"2":{"loc":{"start":{"line":22,"column":2},"end":{"line":27,"column":3}},"type":"if","locations":[{"start":{"line":22,"column":2},"end":{"line":27,"column":3}}]},"3":{"loc":{"start":{"line":24,"column":26},"end":{"line":24,"column":77}},"type":"binary-expr","locations":[{"start":{"line":24,"column":26},"end":{"line":24,"column":71}},{"start":{"line":24,"column":75},"end":{"line":24,"column":77}}]},"4":{"loc":{"start":{"line":40,"column":24},"end":{"line":40,"column":48}},"type":"binary-expr","locations":[{"start":{"line":40,"column":24},"end":{"line":40,"column":42}},{"start":{"line":40,"column":46},"end":{"line":40,"column":48}}]},"5":{"loc":{"start":{"line":42,"column":6},"end":{"line":43,"column":90}},"type":"binary-expr","locations":[{"start":{"line":42,"column":6},"end":{"line":42,"column":39}},{"start":{"line":43,"column":6},"end":{"line":43,"column":90}}]},"6":{"loc":{"start":{"line":55,"column":24},"end":{"line":55,"column":48}},"type":"binary-expr","locations":[{"start":{"line":55,"column":24},"end":{"line":55,"column":42}},{"start":{"line":55,"column":46},"end":{"line":55,"column":48}}]},"7":{"loc":{"start":{"line":57,"column":6},"end":{"line":58,"column":91}},"type":"binary-expr","locations":[{"start":{"line":57,"column":6},"end":{"line":57,"column":39}},{"start":{"line":58,"column":6},"end":{"line":58,"column":91}}]}},"s":{"0":0,"1":0,"2":0,"3":0,"4":0,"5":0,"6":0,"7":0,"8":0,"9":0,"10":0,"11":0,"12":0,"13":0,"14":0,"15":0,"16":0,"17":0,"18":0,"19":0,"20":0},"f":{"0":0,"1":0,"2":0,"3":0,"4":0,"5":0,"6":0,"7":0,"8":0,"9":0},"b":{"0":[0,0],"1":[0,0],"2":[0],"3":[0,0],"4":[0,0],"5":[0,0],"6":[0,0],"7":[0,0]}}
,"C:\\Users\\Marcelo\\source\\repos\\easy-patients-manager\\src\\apiContacts\\localJsonDataSource.d.ts": {"path":"C:\\Users\\Marcelo\\source\\repos\\easy-patients-manager\\src\\apiContacts\\localJsonDataSource.d.ts","statementMap":{},"fnMap":{},"branchMap":{},"s":{},"f":{},"b":{}}
,"C:\\Users\\Marcelo\\source\\repos\\easy-patients-manager\\src\\apiContacts\\localJsonDataSource.ts": {"path":"C:\\Users\\Marcelo\\source\\repos\\easy-patients-manager\\src\\apiContacts\\localJsonDataSource.ts","statementMap":{"0":{"start":{"line":1,"column":0},"end":{"line":1,"column":36}},"1":{"start":{"line":2,"column":0},"end":{"line":2,"column":24}},"2":{"start":{"line":3,"column":0},"end":{"line":3,"column":38}},"3":{"start":{"line":7,"column":4},"end":{"line":13,"column":5}},"4":{"start":{"line":8,"column":19},"end":{"line":8,"column":92}},"5":{"start":{"line":9,"column":6},"end":{"line":9,"column":30}},"6":{"start":{"line":11,"column":6},"end":{"line":11,"column":65}},"7":{"start":{"line":12,"column":6},"end":{"line":12,"column":16}},"8":{"start":{"line":17,"column":0},"end":{"line":17,"column":35}}},"fnMap":{"0":{"name":"(anonymous_1)","decl":{"start":{"line":6,"column":2},"end":{"line":6,"column":7}},"loc":{"start":{"line":6,"column":21},"end":{"line":14,"column":3}}}},"branchMap":{},"s":{"0":0,"1":0,"2":0,"3":0,"4":0,"5":0,"6":0,"7":0,"8":0},"f":{"0":0},"b":{}}
,"C:\\Users\\Marcelo\\source\\repos\\easy-patients-manager\\src\\assets\\index.d.ts": {"path":"C:\\Users\\Marcelo\\source\\repos\\easy-patients-manager\\src\\assets\\index.d.ts","statementMap":{},"fnMap":{},"branchMap":{},"s":{},"f":{},"b":{}}
,"C:\\Users\\Marcelo\\source\\repos\\easy-patients-manager\\src\\auth\\oauthClient.d.ts": {"path":"C:\\Users\\Marcelo\\source\\repos\\easy-patients-manager\\src\\auth\\oauthClient.d.ts","statementMap":{},"fnMap":{},"branchMap":{},"s":{},"f":{},"b":{}}
,"C:\\Users\\Marcelo\\source\\repos\\easy-patients-manager\\src\\auth\\oauthClient.ts": {"path":"C:\\Users\\Marcelo\\source\\repos\\easy-patients-manager\\src\\auth\\oauthClient.ts","statementMap":{"0":{"start":{"line":1,"column":0},"end":{"line":1,"column":42}},"1":{"start":{"line":2,"column":0},"end":{"line":2,"column":28}},"2":{"start":{"line":3,"column":0},"end":{"line":3,"column":24}},"3":{"start":{"line":4,"column":0},"end":{"line":4,"column":26}},"4":{"start":{"line":7,"column":16},"end":{"line":7,"column":47}},"5":{"start":{"line":8,"column":0},"end":{"line":8,"column":70}},"6":{"start":{"line":9,"column":0},"end":{"line":9,"column":41}},"7":{"start":{"line":12,"column":0},"end":{"line":12,"column":115}},"8":{"start":{"line":14,"column":40},"end":{"line":17,"column":null}},"9":{"start":{"line":64,"column":9},"end":{"line":64,"column":21}},"10":{"start":{"line":20,"column":24},"end":{"line":28,"column":1}},"11":{"start":{"line":21,"column":2},"end":{"line":27,"column":5}},"12":{"start":{"line":64,"column":23},"end":{"line":64,"column":38}},"13":{"start":{"line":30,"column":27},"end":{"line":62,"column":1}},"14":{"start":{"line":31,"column":23},"end":{"line":31,"column":61}},"15":{"start":{"line":32,"column":2},"end":{"line":34,"column":3}},"16":{"start":{"line":33,"column":4},"end":{"line":33,"column":50}},"17":{"start":{"line":36,"column":24},"end":{"line":41,"column":4}},"18":{"start":{"line":43,"column":2},"end":{"line":61,"column":3}},"19":{"start":{"line":44,"column":28},"end":{"line":48,"column":6}},"20":{"start":{"line":50,"column":21},"end":{"line":50,"column":41}},"21":{"start":{"line":51,"column":4},"end":{"line":51,"column":49}},"22":{"start":{"line":52,"column":4},"end":{"line":52,"column":42}},"23":{"start":{"line":53,"column":4},"end":{"line":53,"column":49}},"24":{"start":{"line":55,"column":4},"end":{"line":59,"column":5}},"25":{"start":{"line":56,"column":6},"end":{"line":56,"column":108}},"26":{"start":{"line":58,"column":6},"end":{"line":58,"column":61}},"27":{"start":{"line":60,"column":4},"end":{"line":60,"column":16}},"28":{"start":{"line":64,"column":40},"end":{"line":64,"column":58}}},"fnMap":{"0":{"name":"(anonymous_1)","decl":{"start":{"line":20,"column":24},"end":{"line":20,"column":27}},"loc":{"start":{"line":20,"column":29},"end":{"line":28,"column":1}}},"1":{"name":"(anonymous_2)","decl":{"start":{"line":30,"column":27},"end":{"line":30,"column":32}},"loc":{"start":{"line":30,"column":69},"end":{"line":62,"column":1}}}},"branchMap":{"0":{"loc":{"start":{"line":32,"column":2},"end":{"line":34,"column":3}},"type":"if","locations":[{"start":{"line":32,"column":2},"end":{"line":34,"column":3}}]},"1":{"loc":{"start":{"line":55,"column":4},"end":{"line":59,"column":5}},"type":"if","locations":[{"start":{"line":55,"column":4},"end":{"line":59,"column":5}},{"start":{"line":57,"column":11},"end":{"line":59,"column":5}}]},"2":{"loc":{"start":{"line":56,"column":54},"end":{"line":56,"column":106}},"type":"cond-expr","locations":[{"start":{"line":56,"column":71},"end":{"line":56,"column":90}},{"start":{"line":56,"column":93},"end":{"line":56,"column":106}}]}},"s":{"0":0,"1":0,"2":0,"3":0,"4":0,"5":0,"6":0,"7":0,"8":0,"9":0,"10":0,"11":0,"12":0,"13":0,"14":0,"15":0,"16":0,"17":0,"18":0,"19":0,"20":0,"21":0,"22":0,"23":0,"24":0,"25":0,"26":0,"27":0,"28":0},"f":{"0":0,"1":0},"b":{"0":[0],"1":[0,0],"2":[0,0]}}
,"C:\\Users\\Marcelo\\source\\repos\\easy-patients-manager\\src\\components\\Header.d.ts": {"path":"C:\\Users\\Marcelo\\source\\repos\\easy-patients-manager\\src\\components\\Header.d.ts","statementMap":{},"fnMap":{},"branchMap":{},"s":{},"f":{},"b":{}}
,"C:\\Users\\Marcelo\\source\\repos\\easy-patients-manager\\src\\components\\Header.tsx": {"path":"C:\\Users\\Marcelo\\source\\repos\\easy-patients-manager\\src\\components\\Header.tsx","statementMap":{"0":{"start":{"line":1,"column":0},"end":{"line":1,"column":51}},"1":{"start":{"line":2,"column":0},"end":{"line":2,"column":55}},"2":{"start":{"line":3,"column":0},"end":{"line":3,"column":35}},"3":{"start":{"line":4,"column":0},"end":{"line":4,"column":68}},"4":{"start":{"line":5,"column":0},"end":{"line":5,"column":83}},"5":{"start":{"line":7,"column":0},"end":{"line":7,"column":41}},"6":{"start":{"line":8,"column":0},"end":{"line":8,"column":57}},"7":{"start":{"line":10,"column":25},"end":{"line":53,"column":1}},"8":{"start":{"line":11,"column":44},"end":{"line":11,"column":59}},"9":{"start":{"line":12,"column":19},"end":{"line":12,"column":32}},"10":{"start":{"line":13,"column":21},"end":{"line":13,"column":77}},"11":{"start":{"line":13,"column":55},"end":{"line":13,"column":76}},"12":{"start":{"line":15,"column":2},"end":{"line":23,"column":9}},"13":{"start":{"line":16,"column":23},"end":{"line":21,"column":5}},"14":{"start":{"line":17,"column":6},"end":{"line":20,"column":9}},"15":{"start":{"line":22,"column":4},"end":{"line":22,"column":42}},"16":{"start":{"line":25,"column":27},"end":{"line":32,"column":3}},"17":{"start":{"line":26,"column":4},"end":{"line":31,"column":7}},"18":{"start":{"line":27,"column":6},"end":{"line":27,"column":36}},"19":{"start":{"line":28,"column":28},"end":{"line":28,"column":51}},"20":{"start":{"line":29,"column":6},"end":{"line":29,"column":48}},"21":{"start":{"line":30,"column":6},"end":{"line":30,"column":30}},"22":{"start":{"line":34,"column":28},"end":{"line":40,"column":3}},"23":{"start":{"line":35,"column":4},"end":{"line":39,"column":7}},"24":{"start":{"line":36,"column":6},"end":{"line":36,"column":34}},"25":{"start":{"line":37,"column":6},"end":{"line":37,"column":37}},"26":{"start":{"line":38,"column":6},"end":{"line":38,"column":30}},"27":{"start":{"line":42,"column":2},"end":{"line":52,"column":4}},"28":{"start":{"line":55,"column":0},"end":{"line":55,"column":22}}},"fnMap":{"0":{"name":"(anonymous_1)","decl":{"start":{"line":10,"column":25},"end":{"line":10,"column":28}},"loc":{"start":{"line":10,"column":30},"end":{"line":53,"column":1}}},"1":{"name":"(anonymous_2)","decl":{"start":{"line":13,"column":33},"end":{"line":13,"column":34}},"loc":{"start":{"line":13,"column":55},"end":{"line":13,"column":76}}},"2":{"name":"(anonymous_3)","decl":{"start":{"line":15,"column":12},"end":{"line":15,"column":15}},"loc":{"start":{"line":15,"column":17},"end":{"line":23,"column":3}}},"3":{"name":"(anonymous_4)","decl":{"start":{"line":16,"column":23},"end":{"line":16,"column":26}},"loc":{"start":{"line":16,"column":28},"end":{"line":21,"column":5}}},"4":{"name":"(anonymous_5)","decl":{"start":{"line":25,"column":27},"end":{"line":25,"column":30}},"loc":{"start":{"line":25,"column":32},"end":{"line":32,"column":3}}},"5":{"name":"(anonymous_6)","decl":{"start":{"line":26,"column":47},"end":{"line":26,"column":48}},"loc":{"start":{"line":26,"column":79},"end":{"line":31,"column":5}}},"6":{"name":"(anonymous_7)","decl":{"start":{"line":34,"column":28},"end":{"line":34,"column":31}},"loc":{"start":{"line":34,"column":33},"end":{"line":40,"column":3}}},"7":{"name":"(anonymous_8)","decl":{"start":{"line":35,"column":48},"end":{"line":35,"column":51}},"loc":{"start":{"line":35,"column":53},"end":{"line":39,"column":5}}}},"branchMap":{"0":{"loc":{"start":{"line":45,"column":7},"end":{"line":46,"column":null}},"type":"binary-expr","locations":[{"start":{"line":45,"column":7},"end":{"line":45,"column":18}},{"start":{"line":45,"column":22},"end":{"line":45,"column":36}},{"start":{"line":46,"column":8},"end":{"line":46,"column":57}}]},"1":{"loc":{"start":{"line":48,"column":7},"end":{"line":49,"column":null}},"type":"binary-expr","locations":[{"start":{"line":48,"column":7},"end":{"line":48,"column":17}},{"start":{"line":49,"column":8},"end":{"line":49,"column":59}}]}},"s":{"0":0,"1":0,"2":0,"3":0,"4":0,"5":0,"6":0,"7":0,"8":0,"9":0,"10":0,"11":0,"12":0,"13":0,"14":0,"15":0,"16":0,"17":0,"18":0,"19":0,"20":0,"21":0,"22":0,"23":0,"24":0,"25":0,"26":0,"27":0,"28":0},"f":{"0":0,"1":0,"2":0,"3":0,"4":0,"5":0,"6":0,"7":0},"b":{"0":[0,0,0],"1":[0,0]}}
,"C:\\Users\\Marcelo\\source\\repos\\easy-patients-manager\\src\\components\\Integration.test.d.ts": {"path":"C:\\Users\\Marcelo\\source\\repos\\easy-patients-manager\\src\\components\\Integration.test.d.ts","statementMap":{},"fnMap":{},"branchMap":{},"s":{},"f":{},"b":{}}
,"C:\\Users\\Marcelo\\source\\repos\\easy-patients-manager\\src\\components\\MainLayout.d.ts": {"path":"C:\\Users\\Marcelo\\source\\repos\\easy-patients-manager\\src\\components\\MainLayout.d.ts","statementMap":{},"fnMap":{},"branchMap":{},"s":{},"f":{},"b":{}}
,"C:\\Users\\Marcelo\\source\\repos\\easy-patients-manager\\src\\components\\MainLayout.test.d.ts": {"path":"C:\\Users\\Marcelo\\source\\repos\\easy-patients-manager\\src\\components\\MainLayout.test.d.ts","statementMap":{},"fnMap":{},"branchMap":{},"s":{},"f":{},"b":{}}
,"C:\\Users\\Marcelo\\source\\repos\\easy-patients-manager\\src\\components\\MainLayout.tsx": {"path":"C:\\Users\\Marcelo\\source\\repos\\easy-patients-manager\\src\\components\\MainLayout.tsx","statementMap":{"0":{"start":{"line":1,"column":0},"end":{"line":1,"column":51}},"1":{"start":{"line":2,"column":0},"end":{"line":2,"column":26}},"2":{"start":{"line":3,"column":0},"end":{"line":3,"column":42}},"3":{"start":{"line":4,"column":0},"end":{"line":4,"column":52}},"4":{"start":{"line":5,"column":0},"end":{"line":5,"column":54}},"5":{"start":{"line":6,"column":0},"end":{"line":6,"column":30}},"6":{"start":{"line":7,"column":0},"end":{"line":7,"column":52}},"7":{"start":{"line":8,"column":0},"end":{"line":8,"column":88}},"8":{"start":{"line":10,"column":36},"end":{"line":55,"column":1}},"9":{"start":{"line":11,"column":19},"end":{"line":11,"column":32}},"10":{"start":{"line":12,"column":52},"end":{"line":12,"column":81}},"11":{"start":{"line":13,"column":64},"end":{"line":13,"column":93}},"12":{"start":{"line":15,"column":2},"end":{"line":31,"column":17}},"13":{"start":{"line":16,"column":4},"end":{"line":16,"column":48}},"14":{"start":{"line":17,"column":27},"end":{"line":17,"column":51}},"15":{"start":{"line":18,"column":4},"end":{"line":30,"column":5}},"16":{"start":{"line":19,"column":6},"end":{"line":19,"column":44}},"17":{"start":{"line":21,"column":6},"end":{"line":29,"column":11}},"18":{"start":{"line":23,"column":27},"end":{"line":23,"column":40}},"19":{"start":{"line":24,"column":10},"end":{"line":24,"column":42}},"20":{"start":{"line":25,"column":10},"end":{"line":25,"column":42}},"21":{"start":{"line":28,"column":10},"end":{"line":28,"column":73}},"22":{"start":{"line":33,"column":30},"end":{"line":36,"column":3}},"23":{"start":{"line":34,"column":4},"end":{"line":34,"column":36}},"24":{"start":{"line":35,"column":4},"end":{"line":35,"column":41}},"25":{"start":{"line":38,"column":2},"end":{"line":54,"column":4}},"26":{"start":{"line":10,"column":13},"end":{"line":10,"column":36}}},"fnMap":{"0":{"name":"(anonymous_1)","decl":{"start":{"line":10,"column":36},"end":{"line":10,"column":39}},"loc":{"start":{"line":10,"column":41},"end":{"line":55,"column":1}}},"1":{"name":"(anonymous_2)","decl":{"start":{"line":15,"column":12},"end":{"line":15,"column":15}},"loc":{"start":{"line":15,"column":17},"end":{"line":31,"column":3}}},"2":{"name":"(anonymous_3)","decl":{"start":{"line":22,"column":14},"end":{"line":22,"column":22}},"loc":{"start":{"line":22,"column":25},"end":{"line":26,"column":9}}},"3":{"name":"(anonymous_4)","decl":{"start":{"line":27,"column":15},"end":{"line":27,"column":20}},"loc":{"start":{"line":27,"column":23},"end":{"line":29,"column":9}}},"4":{"name":"(anonymous_5)","decl":{"start":{"line":33,"column":30},"end":{"line":33,"column":31}},"loc":{"start":{"line":33,"column":70},"end":{"line":36,"column":3}}}},"branchMap":{"0":{"loc":{"start":{"line":18,"column":4},"end":{"line":30,"column":5}},"type":"if","locations":[{"start":{"line":18,"column":4},"end":{"line":30,"column":5}},{"start":{"line":20,"column":11},"end":{"line":30,"column":5}}]},"1":{"loc":{"start":{"line":46,"column":9},"end":{"line":50,"column":null}},"type":"binary-expr","locations":[{"start":{"line":46,"column":9},"end":{"line":46,"column":26}},{"start":{"line":46,"column":30},"end":{"line":46,"column":53}},{"start":{"line":47,"column":10},"end":{"line":49,"column":null}}]}},"s":{"0":0,"1":0,"2":0,"3":0,"4":0,"5":0,"6":0,"7":0,"8":0,"9":0,"10":0,"11":0,"12":0,"13":0,"14":0,"15":0,"16":0,"17":0,"18":0,"19":0,"20":0,"21":0,"22":0,"23":0,"24":0,"25":0,"26":0},"f":{"0":0,"1":0,"2":0,"3":0,"4":0},"b":{"0":[0,0],"1":[0,0,0]}}
,"C:\\Users\\Marcelo\\source\\repos\\easy-patients-manager\\src\\components\\authSlice.d.ts": {"path":"C:\\Users\\Marcelo\\source\\repos\\easy-patients-manager\\src\\components\\authSlice.d.ts","statementMap":{},"fnMap":{},"branchMap":{},"s":{},"f":{},"b":{}}
,"C:\\Users\\Marcelo\\source\\repos\\easy-patients-manager\\src\\components\\authSlice.ts": {"path":"C:\\Users\\Marcelo\\source\\repos\\easy-patients-manager\\src\\components\\authSlice.ts","statementMap":{"0":{"start":{"line":1,"column":0},"end":{"line":1,"column":62}},"1":{"start":{"line":10,"column":32},"end":{"line":13,"column":2}},"2":{"start":{"line":15,"column":18},"end":{"line":28,"column":2}},"3":{"start":{"line":20,"column":6},"end":{"line":20,"column":71}},"4":{"start":{"line":21,"column":6},"end":{"line":21,"column":30}},"5":{"start":{"line":24,"column":6},"end":{"line":24,"column":30}},"6":{"start":{"line":25,"column":6},"end":{"line":25,"column":31}},"7":{"start":{"line":30,"column":13},"end":{"line":30,"column":50}},"8":{"start":{"line":31,"column":0},"end":{"line":31,"column":33}}},"fnMap":{"0":{"name":"(anonymous_0)","decl":{"start":{"line":19,"column":4},"end":{"line":19,"column":17}},"loc":{"start":{"line":19,"column":60},"end":{"line":22,"column":5}}},"1":{"name":"(anonymous_1)","decl":{"start":{"line":23,"column":4},"end":{"line":23,"column":19}},"loc":{"start":{"line":23,"column":25},"end":{"line":26,"column":5}}}},"branchMap":{},"s":{"0":0,"1":0,"2":0,"3":0,"4":0,"5":0,"6":0,"7":0,"8":0},"f":{"0":0,"1":0},"b":{}}
,"C:\\Users\\Marcelo\\source\\repos\\easy-patients-manager\\src\\components\\Details\\PatientDetails.d.ts": {"path":"C:\\Users\\Marcelo\\source\\repos\\easy-patients-manager\\src\\components\\Details\\PatientDetails.d.ts","statementMap":{},"fnMap":{},"branchMap":{},"s":{},"f":{},"b":{}}
,"C:\\Users\\Marcelo\\source\\repos\\easy-patients-manager\\src\\components\\Details\\PatientDetails.tsx": {"path":"C:\\Users\\Marcelo\\source\\repos\\easy-patients-manager\\src\\components\\Details\\PatientDetails.tsx","statementMap":{"0":{"start":{"line":1,"column":0},"end":{"line":1,"column":51}},"1":{"start":{"line":2,"column":0},"end":{"line":2,"column":55}},"2":{"start":{"line":3,"column":0},"end":{"line":3,"column":53}},"3":{"start":{"line":4,"column":0},"end":{"line":4,"column":46}},"4":{"start":{"line":5,"column":0},"end":{"line":5,"column":40}},"5":{"start":{"line":6,"column":0},"end":{"line":6,"column":123}},"6":{"start":{"line":7,"column":0},"end":{"line":7,"column":150}},"7":{"start":{"line":10,"column":0},"end":{"line":10,"column":61}},"8":{"start":{"line":11,"column":0},"end":{"line":11,"column":57}},"9":{"start":{"line":12,"column":0},"end":{"line":12,"column":154}},"10":{"start":{"line":13,"column":0},"end":{"line":13,"column":49}},"11":{"start":{"line":27,"column":54},"end":{"line":257,"column":1}},"12":{"start":{"line":28,"column":19},"end":{"line":28,"column":32}},"13":{"start":{"line":29,"column":26},"end":{"line":29,"column":83}},"14":{"start":{"line":30,"column":32},"end":{"line":30,"column":81}},"15":{"start":{"line":31,"column":28},"end":{"line":31,"column":57}},"16":{"start":{"line":32,"column":20},"end":{"line":32,"column":45}},"17":{"start":{"line":33,"column":19},"end":{"line":33,"column":43}},"18":{"start":{"line":34,"column":27},"end":{"line":34,"column":59}},"19":{"start":{"line":35,"column":22},"end":{"line":35,"column":49}},"20":{"start":{"line":36,"column":32},"end":{"line":36,"column":47}},"21":{"start":{"line":37,"column":18},"end":{"line":37,"column":104}},"22":{"start":{"line":37,"column":52},"end":{"line":37,"column":103}},"23":{"start":{"line":40,"column":2},"end":{"line":90,"column":86}},"24":{"start":{"line":41,"column":4},"end":{"line":41,"column":39}},"25":{"start":{"line":42,"column":4},"end":{"line":42,"column":41}},"26":{"start":{"line":43,"column":4},"end":{"line":43,"column":55}},"27":{"start":{"line":44,"column":4},"end":{"line":44,"column":19}},"28":{"start":{"line":46,"column":4},"end":{"line":49,"column":5}},"29":{"start":{"line":47,"column":6},"end":{"line":47,"column":41}},"30":{"start":{"line":48,"column":6},"end":{"line":48,"column":13}},"31":{"start":{"line":51,"column":4},"end":{"line":89,"column":5}},"32":{"start":{"line":53,"column":25},"end":{"line":53,"column":81}},"33":{"start":{"line":54,"column":6},"end":{"line":54,"column":32}},"34":{"start":{"line":55,"column":6},"end":{"line":55,"column":77}},"35":{"start":{"line":56,"column":6},"end":{"line":56,"column":35}},"36":{"start":{"line":57,"column":6},"end":{"line":57,"column":54}},"37":{"start":{"line":58,"column":6},"end":{"line":58,"column":29}},"38":{"start":{"line":59,"column":6},"end":{"line":59,"column":47}},"39":{"start":{"line":60,"column":11},"end":{"line":89,"column":5}},"40":{"start":{"line":62,"column":37},"end":{"line":62,"column":69}},"41":{"start":{"line":63,"column":27},"end":{"line":63,"column":79}},"42":{"start":{"line":63,"column":60},"end":{"line":63,"column":78}},"43":{"start":{"line":64,"column":6},"end":{"line":64,"column":50}},"44":{"start":{"line":65,"column":6},"end":{"line":70,"column":7}},"45":{"start":{"line":66,"column":8},"end":{"line":66,"column":39}},"46":{"start":{"line":67,"column":8},"end":{"line":67,"column":33}},"47":{"start":{"line":68,"column":8},"end":{"line":68,"column":51}},"48":{"start":{"line":69,"column":8},"end":{"line":69,"column":15}},"49":{"start":{"line":72,"column":6},"end":{"line":88,"column":11}},"50":{"start":{"line":74,"column":10},"end":{"line":76,"column":11}},"51":{"start":{"line":75,"column":12},"end":{"line":75,"column":70}},"52":{"start":{"line":77,"column":10},"end":{"line":77,"column":33}},"53":{"start":{"line":80,"column":10},"end":{"line":80,"column":33}},"54":{"start":{"line":81,"column":10},"end":{"line":81,"column":53}},"55":{"start":{"line":82,"column":10},"end":{"line":82,"column":27}},"56":{"start":{"line":83,"column":10},"end":{"line":83,"column":45}},"57":{"start":{"line":86,"column":10},"end":{"line":86,"column":66}},"58":{"start":{"line":87,"column":10},"end":{"line":87,"column":78}},"59":{"start":{"line":92,"column":2},"end":{"line":104,"column":16}},"60":{"start":{"line":93,"column":31},"end":{"line":98,"column":5}},"61":{"start":{"line":94,"column":6},"end":{"line":97,"column":7}},"62":{"start":{"line":95,"column":8},"end":{"line":95,"column":27}},"63":{"start":{"line":96,"column":8},"end":{"line":96,"column":27}},"64":{"start":{"line":100,"column":4},"end":{"line":100,"column":64}},"65":{"start":{"line":101,"column":4},"end":{"line":103,"column":6}},"66":{"start":{"line":102,"column":6},"end":{"line":102,"column":69}},"67":{"start":{"line":106,"column":21},"end":{"line":109,"column":3}},"68":{"start":{"line":107,"column":4},"end":{"line":107,"column":33}},"69":{"start":{"line":108,"column":4},"end":{"line":108,"column":33}},"70":{"start":{"line":111,"column":23},"end":{"line":118,"column":3}},"71":{"start":{"line":112,"column":28},"end":{"line":112,"column":36}},"72":{"start":{"line":113,"column":4},"end":{"line":113,"column":93}},"73":{"start":{"line":113,"column":30},"end":{"line":113,"column":91}},"74":{"start":{"line":114,"column":27},"end":{"line":114,"column":73}},"75":{"start":{"line":115,"column":4},"end":{"line":115,"column":31}},"76":{"start":{"line":116,"column":4},"end":{"line":116,"column":49}},"77":{"start":{"line":117,"column":4},"end":{"line":117,"column":21}},"78":{"start":{"line":120,"column":21},"end":{"line":151,"column":3}},"79":{"start":{"line":121,"column":4},"end":{"line":150,"column":5}},"80":{"start":{"line":123,"column":37},"end":{"line":123,"column":69}},"81":{"start":{"line":124,"column":38},"end":{"line":124,"column":93}},"82":{"start":{"line":124,"column":73},"end":{"line":124,"column":92}},"83":{"start":{"line":125,"column":6},"end":{"line":125,"column":44}},"84":{"start":{"line":126,"column":6},"end":{"line":126,"column":61}},"85":{"start":{"line":129,"column":29},"end":{"line":129,"column":53}},"86":{"start":{"line":130,"column":30},"end":{"line":130,"column":77}},"87":{"start":{"line":130,"column":57},"end":{"line":130,"column":76}},"88":{"start":{"line":131,"column":6},"end":{"line":140,"column":9}},"89":{"start":{"line":141,"column":6},"end":{"line":141,"column":45}},"90":{"start":{"line":143,"column":6},"end":{"line":143,"column":36}},"91":{"start":{"line":144,"column":6},"end":{"line":144,"column":35}},"92":{"start":{"line":145,"column":6},"end":{"line":145,"column":24}},"93":{"start":{"line":146,"column":6},"end":{"line":146,"column":45}},"94":{"start":{"line":149,"column":6},"end":{"line":149,"column":45}},"95":{"start":{"line":153,"column":23},"end":{"line":164,"column":3}},"96":{"start":{"line":154,"column":4},"end":{"line":159,"column":5}},"97":{"start":{"line":155,"column":29},"end":{"line":155,"column":108}},"98":{"start":{"line":156,"column":6},"end":{"line":158,"column":7}},"99":{"start":{"line":157,"column":8},"end":{"line":157,"column":15}},"100":{"start":{"line":160,"column":4},"end":{"line":160,"column":34}},"101":{"start":{"line":161,"column":4},"end":{"line":161,"column":33}},"102":{"start":{"line":162,"column":4},"end":{"line":162,"column":39}},"103":{"start":{"line":163,"column":4},"end":{"line":163,"column":22}},"104":{"start":{"line":166,"column":29},"end":{"line":187,"column":3}},"105":{"start":{"line":167,"column":4},"end":{"line":186,"column":5}},"106":{"start":{"line":168,"column":28},"end":{"line":168,"column":127}},"107":{"start":{"line":169,"column":6},"end":{"line":185,"column":7}},"108":{"start":{"line":170,"column":8},"end":{"line":170,"column":44}},"109":{"start":{"line":171,"column":32},"end":{"line":172,"column":null}},"110":{"start":{"line":172,"column":10},"end":{"line":172,"column":65}},"111":{"start":{"line":174,"column":8},"end":{"line":174,"column":47}},"112":{"start":{"line":175,"column":8},"end":{"line":175,"column":47}},"113":{"start":{"line":176,"column":8},"end":{"line":176,"column":43}},"114":{"start":{"line":177,"column":8},"end":{"line":177,"column":45}},"115":{"start":{"line":180,"column":39},"end":{"line":180,"column":71}},"116":{"start":{"line":181,"column":40},"end":{"line":182,"column":null}},"117":{"start":{"line":182,"column":10},"end":{"line":182,"column":65}},"118":{"start":{"line":184,"column":8},"end":{"line":184,"column":63}},"119":{"start":{"line":189,"column":22},"end":{"line":193,"column":53}},"120":{"start":{"line":195,"column":2},"end":{"line":197,"column":3}},"121":{"start":{"line":196,"column":4},"end":{"line":196,"column":42}},"122":{"start":{"line":199,"column":2},"end":{"line":201,"column":3}},"123":{"start":{"line":200,"column":4},"end":{"line":200,"column":30}},"124":{"start":{"line":203,"column":2},"end":{"line":205,"column":3}},"125":{"start":{"line":204,"column":4},"end":{"line":204,"column":33}},"126":{"start":{"line":207,"column":26},"end":{"line":207,"column":96}},"127":{"start":{"line":209,"column":2},"end":{"line":256,"column":4}},"128":{"start":{"line":259,"column":0},"end":{"line":259,"column":30}}},"fnMap":{"0":{"name":"(anonymous_1)","decl":{"start":{"line":27,"column":54},"end":{"line":27,"column":55}},"loc":{"start":{"line":27,"column":82},"end":{"line":257,"column":1}}},"1":{"name":"(anonymous_2)","decl":{"start":{"line":37,"column":30},"end":{"line":37,"column":31}},"loc":{"start":{"line":37,"column":52},"end":{"line":37,"column":103}}},"2":{"name":"(anonymous_3)","decl":{"start":{"line":40,"column":12},"end":{"line":40,"column":15}},"loc":{"start":{"line":40,"column":17},"end":{"line":90,"column":3}}},"3":{"name":"(anonymous_4)","decl":{"start":{"line":63,"column":55},"end":{"line":63,"column":56}},"loc":{"start":{"line":63,"column":60},"end":{"line":63,"column":78}}},"4":{"name":"(anonymous_5)","decl":{"start":{"line":73,"column":14},"end":{"line":73,"column":22}},"loc":{"start":{"line":73,"column":25},"end":{"line":78,"column":9}}},"5":{"name":"(anonymous_6)","decl":{"start":{"line":79,"column":14},"end":{"line":79,"column":15}},"loc":{"start":{"line":79,"column":40},"end":{"line":84,"column":9}}},"6":{"name":"(anonymous_7)","decl":{"start":{"line":85,"column":15},"end":{"line":85,"column":20}},"loc":{"start":{"line":85,"column":23},"end":{"line":88,"column":9}}},"7":{"name":"(anonymous_8)","decl":{"start":{"line":92,"column":12},"end":{"line":92,"column":15}},"loc":{"start":{"line":92,"column":17},"end":{"line":104,"column":3}}},"8":{"name":"(anonymous_9)","decl":{"start":{"line":93,"column":31},"end":{"line":93,"column":32}},"loc":{"start":{"line":93,"column":56},"end":{"line":98,"column":5}}},"9":{"name":"(anonymous_10)","decl":{"start":{"line":101,"column":11},"end":{"line":101,"column":14}},"loc":{"start":{"line":101,"column":16},"end":{"line":103,"column":5}}},"10":{"name":"(anonymous_11)","decl":{"start":{"line":106,"column":21},"end":{"line":106,"column":24}},"loc":{"start":{"line":106,"column":26},"end":{"line":109,"column":3}}},"11":{"name":"(anonymous_12)","decl":{"start":{"line":111,"column":23},"end":{"line":111,"column":24}},"loc":{"start":{"line":111,"column":128},"end":{"line":118,"column":3}}},"12":{"name":"(anonymous_13)","decl":{"start":{"line":113,"column":15},"end":{"line":113,"column":26}},"loc":{"start":{"line":113,"column":30},"end":{"line":113,"column":91}}},"13":{"name":"(anonymous_14)","decl":{"start":{"line":120,"column":21},"end":{"line":120,"column":24}},"loc":{"start":{"line":120,"column":26},"end":{"line":151,"column":3}}},"14":{"name":"(anonymous_15)","decl":{"start":{"line":124,"column":68},"end":{"line":124,"column":69}},"loc":{"start":{"line":124,"column":73},"end":{"line":124,"column":92}}},"15":{"name":"(anonymous_16)","decl":{"start":{"line":130,"column":52},"end":{"line":130,"column":53}},"loc":{"start":{"line":130,"column":57},"end":{"line":130,"column":76}}},"16":{"name":"(anonymous_17)","decl":{"start":{"line":153,"column":23},"end":{"line":153,"column":26}},"loc":{"start":{"line":153,"column":28},"end":{"line":164,"column":3}}},"17":{"name":"(anonymous_18)","decl":{"start":{"line":166,"column":29},"end":{"line":166,"column":32}},"loc":{"start":{"line":166,"column":34},"end":{"line":187,"column":3}}},"18":{"name":"(anonymous_19)","decl":{"start":{"line":171,"column":61},"end":{"line":171,"column":62}},"loc":{"start":{"line":172,"column":10},"end":{"line":172,"column":65}}},"19":{"name":"(anonymous_20)","decl":{"start":{"line":181,"column":67},"end":{"line":181,"column":68}},"loc":{"start":{"line":182,"column":10},"end":{"line":182,"column":65}}}},"branchMap":{"0":{"loc":{"start":{"line":46,"column":4},"end":{"line":49,"column":5}},"type":"if","locations":[{"start":{"line":46,"column":4},"end":{"line":49,"column":5}}]},"1":{"loc":{"start":{"line":51,"column":4},"end":{"line":89,"column":5}},"type":"if","locations":[{"start":{"line":51,"column":4},"end":{"line":89,"column":5}},{"start":{"line":60,"column":11},"end":{"line":89,"column":5}}]},"2":{"loc":{"start":{"line":60,"column":11},"end":{"line":89,"column":5}},"type":"if","locations":[{"start":{"line":60,"column":11},"end":{"line":89,"column":5}}]},"3":{"loc":{"start":{"line":60,"column":15},"end":{"line":60,"column":36}},"type":"binary-expr","locations":[{"start":{"line":60,"column":15},"end":{"line":60,"column":24}},{"start":{"line":60,"column":28},"end":{"line":60,"column":36}}]},"4":{"loc":{"start":{"line":65,"column":6},"end":{"line":70,"column":7}},"type":"if","locations":[{"start":{"line":65,"column":6},"end":{"line":70,"column":7}}]},"5":{"loc":{"start":{"line":74,"column":10},"end":{"line":76,"column":11}},"type":"if","locations":[{"start":{"line":74,"column":10},"end":{"line":76,"column":11}}]},"6":{"loc":{"start":{"line":94,"column":6},"end":{"line":97,"column":7}},"type":"if","locations":[{"start":{"line":94,"column":6},"end":{"line":97,"column":7}}]},"7":{"loc":{"start":{"line":113,"column":30},"end":{"line":113,"column":91}},"type":"cond-expr","locations":[{"start":{"line":113,"column":44},"end":{"line":113,"column":77}},{"start":{"line":113,"column":80},"end":{"line":113,"column":91}}]},"8":{"loc":{"start":{"line":114,"column":27},"end":{"line":114,"column":73}},"type":"cond-expr","locations":[{"start":{"line":114,"column":37},"end":{"line":114,"column":66}},{"start":{"line":114,"column":69},"end":{"line":114,"column":73}}]},"9":{"loc":{"start":{"line":121,"column":4},"end":{"line":150,"column":5}},"type":"if","locations":[{"start":{"line":121,"column":4},"end":{"line":150,"column":5}}]},"10":{"loc":{"start":{"line":154,"column":4},"end":{"line":159,"column":5}},"type":"if","locations":[{"start":{"line":154,"column":4},"end":{"line":159,"column":5}}]},"11":{"loc":{"start":{"line":156,"column":6},"end":{"line":158,"column":7}},"type":"if","locations":[{"start":{"line":156,"column":6},"end":{"line":158,"column":7}}]},"12":{"loc":{"start":{"line":167,"column":4},"end":{"line":186,"column":5}},"type":"if","locations":[{"start":{"line":167,"column":4},"end":{"line":186,"column":5}}]},"13":{"loc":{"start":{"line":168,"column":71},"end":{"line":168,"column":110}},"type":"cond-expr","locations":[{"start":{"line":168,"column":89},"end":{"line":168,"column":99}},{"start":{"line":168,"column":102},"end":{"line":168,"column":110}}]},"14":{"loc":{"start":{"line":169,"column":6},"end":{"line":185,"column":7}},"type":"if","locations":[{"start":{"line":169,"column":6},"end":{"line":185,"column":7}}]},"15":{"loc":{"start":{"line":172,"column":10},"end":{"line":172,"column":65}},"type":"cond-expr","locations":[{"start":{"line":172,"column":32},"end":{"line":172,"column":61}},{"start":{"line":172,"column":64},"end":{"line":172,"column":65}}]},"16":{"loc":{"start":{"line":182,"column":10},"end":{"line":182,"column":65}},"type":"cond-expr","locations":[{"start":{"line":182,"column":32},"end":{"line":182,"column":61}},{"start":{"line":182,"column":64},"end":{"line":182,"column":65}}]},"17":{"loc":{"start":{"line":189,"column":22},"end":{"line":193,"column":53}},"type":"binary-expr","locations":[{"start":{"line":189,"column":22},"end":{"line":189,"column":38}},{"start":{"line":190,"column":4},"end":{"line":190,"column":53}},{"start":{"line":191,"column":4},"end":{"line":191,"column":38}},{"start":{"line":192,"column":4},"end":{"line":192,"column":25}},{"start":{"line":193,"column":4},"end":{"line":193,"column":53}}]},"18":{"loc":{"start":{"line":195,"column":2},"end":{"line":197,"column":3}},"type":"if","locations":[{"start":{"line":195,"column":2},"end":{"line":197,"column":3}}]},"19":{"loc":{"start":{"line":195,"column":6},"end":{"line":195,"column":29}},"type":"binary-expr","locations":[{"start":{"line":195,"column":6},"end":{"line":195,"column":16}},{"start":{"line":195,"column":20},"end":{"line":195,"column":29}}]},"20":{"loc":{"start":{"line":199,"column":2},"end":{"line":201,"column":3}},"type":"if","locations":[{"start":{"line":199,"column":2},"end":{"line":201,"column":3}}]},"21":{"loc":{"start":{"line":203,"column":2},"end":{"line":205,"column":3}},"type":"if","locations":[{"start":{"line":203,"column":2},"end":{"line":205,"column":3}}]},"22":{"loc":{"start":{"line":207,"column":26},"end":{"line":207,"column":96}},"type":"binary-expr","locations":[{"start":{"line":207,"column":27},"end":{"line":207,"column":42}},{"start":{"line":207,"column":46},"end":{"line":207,"column":57}},{"start":{"line":207,"column":63},"end":{"line":207,"column":79}},{"start":{"line":207,"column":83},"end":{"line":207,"column":95}}]},"23":{"loc":{"start":{"line":215,"column":21},"end":{"line":230,"column":null}},"type":"cond-expr","locations":[{"start":{"line":216,"column":14},"end":{"line":221,"column":null}},{"start":{"line":224,"column":14},"end":{"line":229,"column":null}}]},"24":{"loc":{"start":{"line":215,"column":21},"end":{"line":215,"column":42}},"type":"binary-expr","locations":[{"start":{"line":215,"column":21},"end":{"line":215,"column":30}},{"start":{"line":215,"column":34},"end":{"line":215,"column":42}}]},"25":{"loc":{"start":{"line":224,"column":14},"end":{"line":229,"column":null}},"type":"binary-expr","locations":[{"start":{"line":224,"column":14},"end":{"line":224,"column":29}},{"start":{"line":225,"column":16},"end":{"line":228,"column":null}}]},"26":{"loc":{"start":{"line":235,"column":21},"end":{"line":250,"column":null}},"type":"cond-expr","locations":[{"start":{"line":236,"column":14},"end":{"line":241,"column":null}},{"start":{"line":244,"column":14},"end":{"line":249,"column":null}}]},"27":{"loc":{"start":{"line":235,"column":21},"end":{"line":235,"column":42}},"type":"binary-expr","locations":[{"start":{"line":235,"column":21},"end":{"line":235,"column":30}},{"start":{"line":235,"column":34},"end":{"line":235,"column":42}}]},"28":{"loc":{"start":{"line":244,"column":14},"end":{"line":249,"column":null}},"type":"binary-expr","locations":[{"start":{"line":244,"column":14},"end":{"line":244,"column":29}},{"start":{"line":245,"column":16},"end":{"line":248,"column":null}}]}},"s":{"0":0,"1":0,"2":0,"3":0,"4":0,"5":0,"6":0,"7":0,"8":0,"9":0,"10":0,"11":0,"12":0,"13":0,"14":0,"15":0,"16":0,"17":0,"18":0,"19":0,"20":0,"21":0,"22":0,"23":0,"24":0,"25":0,"26":0,"27":0,"28":0,"29":0,"30":0,"31":0,"32":0,"33":0,"34":0,"35":0,"36":0,"37":0,"38":0,"39":0,"40":0,"41":0,"42":0,"43":0,"44":0,"45":0,"46":0,"47":0,"48":0,"49":0,"50":0,"51":0,"52":0,"53":0,"54":0,"55":0,"56":0,"57":0,"58":0,"59":0,"60":0,"61":0,"62":0,"63":0,"64":0,"65":0,"66":0,"67":0,"68":0,"69":0,"70":0,"71":0,"72":0,"73":0,"74":0,"75":0,"76":0,"77":0,"78":0,"79":0,"80":0,"81":0,"82":0,"83":0,"84":0,"85":0,"86":0,"87":0,"88":0,"89":0,"90":0,"91":0,"92":0,"93":0,"94":0,"95":0,"96":0,"97":0,"98":0,"99":0,"100":0,"101":0,"102":0,"103":0,"104":0,"105":0,"106":0,"107":0,"108":0,"109":0,"110":0,"111":0,"112":0,"113":0,"114":0,"115":0,"116":0,"117":0,"118":0,"119":0,"120":0,"121":0,"122":0,"123":0,"124":0,"125":0,"126":0,"127":0,"128":0},"f":{"0":0,"1":0,"2":0,"3":0,"4":0,"5":0,"6":0,"7":0,"8":0,"9":0,"10":0,"11":0,"12":0,"13":0,"14":0,"15":0,"16":0,"17":0,"18":0,"19":0},"b":{"0":[0],"1":[0,0],"2":[0],"3":[0,0],"4":[0],"5":[0],"6":[0],"7":[0,0],"8":[0,0],"9":[0],"10":[0],"11":[0],"12":[0],"13":[0,0],"14":[0],"15":[0,0],"16":[0,0],"17":[0,0,0,0,0],"18":[0],"19":[0,0],"20":[0],"21":[0],"22":[0,0,0,0],"23":[0,0],"24":[0,0],"25":[0,0],"26":[0,0],"27":[0,0],"28":[0,0]}}
,"C:\\Users\\Marcelo\\source\\repos\\easy-patients-manager\\src\\components\\Form\\PatientForm.d.ts": {"path":"C:\\Users\\Marcelo\\source\\repos\\easy-patients-manager\\src\\components\\Form\\PatientForm.d.ts","statementMap":{},"fnMap":{},"branchMap":{},"s":{},"f":{},"b":{}}
,"C:\\Users\\Marcelo\\source\\repos\\easy-patients-manager\\src\\components\\Form\\PatientForm.tsx": {"path":"C:\\Users\\Marcelo\\source\\repos\\easy-patients-manager\\src\\components\\Form\\PatientForm.tsx","statementMap":{"0":{"start":{"line":3,"column":0},"end":{"line":3,"column":43}},"1":{"start":{"line":4,"column":0},"end":{"line":4,"column":45}},"2":{"start":{"line":5,"column":0},"end":{"line":5,"column":49}},"3":{"start":{"line":6,"column":0},"end":{"line":6,"column":47}},"4":{"start":{"line":7,"column":0},"end":{"line":7,"column":52}},"5":{"start":{"line":8,"column":0},"end":{"line":8,"column":48}},"6":{"start":{"line":9,"column":0},"end":{"line":9,"column":46}},"7":{"start":{"line":10,"column":0},"end":{"line":10,"column":47}},"8":{"start":{"line":11,"column":0},"end":{"line":11,"column":51}},"9":{"start":{"line":12,"column":0},"end":{"line":12,"column":47}},"10":{"start":{"line":29,"column":28},"end":{"line":31,"column":1}},"11":{"start":{"line":30,"column":2},"end":{"line":30,"column":56}},"12":{"start":{"line":33,"column":48},"end":{"line":184,"column":1}},"13":{"start":{"line":34,"column":18},"end":{"line":34,"column":30}},"14":{"start":{"line":35,"column":36},"end":{"line":35,"column":62}},"15":{"start":{"line":37,"column":23},"end":{"line":45,"column":3}},"16":{"start":{"line":38,"column":4},"end":{"line":44,"column":5}},"17":{"start":{"line":39,"column":6},"end":{"line":39,"column":18}},"18":{"start":{"line":41,"column":30},"end":{"line":41,"column":38}},"19":{"start":{"line":42,"column":6},"end":{"line":42,"column":33}},"20":{"start":{"line":43,"column":6},"end":{"line":43,"column":18}},"21":{"start":{"line":47,"column":31},"end":{"line":60,"column":3}},"22":{"start":{"line":48,"column":39},"end":{"line":48,"column":47}},"23":{"start":{"line":49,"column":42},"end":{"line":49,"column":44}},"24":{"start":{"line":50,"column":4},"end":{"line":57,"column":5}},"25":{"start":{"line":51,"column":6},"end":{"line":56,"column":7}},"26":{"start":{"line":52,"column":25},"end":{"line":52,"column":75}},"27":{"start":{"line":52,"column":53},"end":{"line":52,"column":74}},"28":{"start":{"line":53,"column":8},"end":{"line":55,"column":9}},"29":{"start":{"line":54,"column":10},"end":{"line":54,"column":43}},"30":{"start":{"line":58,"column":37},"end":{"line":58,"column":96}},"31":{"start":{"line":59,"column":4},"end":{"line":59,"column":24}},"32":{"start":{"line":62,"column":29},"end":{"line":65,"column":3}},"33":{"start":{"line":63,"column":37},"end":{"line":63,"column":82}},"34":{"start":{"line":64,"column":4},"end":{"line":64,"column":24}},"35":{"start":{"line":67,"column":32},"end":{"line":70,"column":3}},"36":{"start":{"line":68,"column":37},"end":{"line":68,"column":88}},"37":{"start":{"line":69,"column":4},"end":{"line":69,"column":24}},"38":{"start":{"line":72,"column":29},"end":{"line":75,"column":3}},"39":{"start":{"line":73,"column":37},"end":{"line":73,"column":82}},"40":{"start":{"line":74,"column":4},"end":{"line":74,"column":24}},"41":{"start":{"line":77,"column":2},"end":{"line":183,"column":4}},"42":{"start":{"line":141,"column":62},"end":{"line":141,"column":66}},"43":{"start":{"line":186,"column":0},"end":{"line":186,"column":27}}},"fnMap":{"0":{"name":"(anonymous_1)","decl":{"start":{"line":29,"column":28},"end":{"line":29,"column":29}},"loc":{"start":{"line":29,"column":63},"end":{"line":31,"column":1}}},"1":{"name":"(anonymous_2)","decl":{"start":{"line":33,"column":48},"end":{"line":33,"column":49}},"loc":{"start":{"line":33,"column":105},"end":{"line":184,"column":1}}},"2":{"name":"(anonymous_3)","decl":{"start":{"line":37,"column":23},"end":{"line":37,"column":24}},"loc":{"start":{"line":37,"column":128},"end":{"line":45,"column":3}}},"3":{"name":"(anonymous_4)","decl":{"start":{"line":47,"column":31},"end":{"line":47,"column":32}},"loc":{"start":{"line":47,"column":75},"end":{"line":60,"column":3}}},"4":{"name":"(anonymous_5)","decl":{"start":{"line":52,"column":48},"end":{"line":52,"column":49}},"loc":{"start":{"line":52,"column":53},"end":{"line":52,"column":74}}},"5":{"name":"(anonymous_6)","decl":{"start":{"line":62,"column":29},"end":{"line":62,"column":30}},"loc":{"start":{"line":62,"column":49},"end":{"line":65,"column":3}}},"6":{"name":"(anonymous_7)","decl":{"start":{"line":67,"column":32},"end":{"line":67,"column":33}},"loc":{"start":{"line":67,"column":57},"end":{"line":70,"column":3}}},"7":{"name":"(anonymous_8)","decl":{"start":{"line":72,"column":29},"end":{"line":72,"column":30}},"loc":{"start":{"line":72,"column":49},"end":{"line":75,"column":3}}},"8":{"name":"(anonymous_9)","decl":{"start":{"line":141,"column":57},"end":{"line":141,"column":58}},"loc":{"start":{"line":141,"column":62},"end":{"line":141,"column":66}}}},"branchMap":{"0":{"loc":{"start":{"line":30,"column":9},"end":{"line":30,"column":55}},"type":"binary-expr","locations":[{"start":{"line":30,"column":9},"end":{"line":30,"column":10}},{"start":{"line":30,"column":14},"end":{"line":30,"column":22}},{"start":{"line":30,"column":26},"end":{"line":30,"column":55}}]},"1":{"loc":{"start":{"line":38,"column":4},"end":{"line":44,"column":5}},"type":"if","locations":[{"start":{"line":38,"column":4},"end":{"line":44,"column":5}},{"start":{"line":40,"column":11},"end":{"line":44,"column":5}}]},"2":{"loc":{"start":{"line":51,"column":6},"end":{"line":56,"column":7}},"type":"if","locations":[{"start":{"line":51,"column":6},"end":{"line":56,"column":7}}]},"3":{"loc":{"start":{"line":53,"column":8},"end":{"line":55,"column":9}},"type":"if","locations":[{"start":{"line":53,"column":8},"end":{"line":55,"column":9}}]},"4":{"loc":{"start":{"line":141,"column":15},"end":{"line":141,"column":72}},"type":"cond-expr","locations":[{"start":{"line":141,"column":35},"end":{"line":141,"column":67}},{"start":{"line":141,"column":70},"end":{"line":141,"column":72}}]},"5":{"loc":{"start":{"line":151,"column":15},"end":{"line":151,"column":83}},"type":"binary-expr","locations":[{"start":{"line":151,"column":15},"end":{"line":151,"column":41}},{"start":{"line":151,"column":45},"end":{"line":151,"column":83}}]},"6":{"loc":{"start":{"line":178,"column":27},"end":{"line":178,"column":47}},"type":"binary-expr","locations":[{"start":{"line":178,"column":27},"end":{"line":178,"column":41}},{"start":{"line":178,"column":45},"end":{"line":178,"column":47}}]},"7":{"loc":{"start":{"line":179,"column":32},"end":{"line":179,"column":55}},"type":"binary-expr","locations":[{"start":{"line":179,"column":32},"end":{"line":179,"column":49}},{"start":{"line":179,"column":53},"end":{"line":179,"column":55}}]},"8":{"loc":{"start":{"line":180,"column":27},"end":{"line":180,"column":47}},"type":"binary-expr","locations":[{"start":{"line":180,"column":27},"end":{"line":180,"column":41}},{"start":{"line":180,"column":45},"end":{"line":180,"column":47}}]}},"s":{"0":0,"1":0,"2":0,"3":0,"4":0,"5":0,"6":0,"7":0,"8":0,"9":0,"10":0,"11":0,"12":0,"13":0,"14":0,"15":0,"16":0,"17":0,"18":0,"19":0,"20":0,"21":0,"22":0,"23":0,"24":0,"25":0,"26":0,"27":0,"28":0,"29":0,"30":0,"31":0,"32":0,"33":0,"34":0,"35":0,"36":0,"37":0,"38":0,"39":0,"40":0,"41":0,"42":0,"43":0},"f":{"0":0,"1":0,"2":0,"3":0,"4":0,"5":0,"6":0,"7":0,"8":0},"b":{"0":[0,0,0],"1":[0,0],"2":[0],"3":[0],"4":[0,0],"5":[0,0],"6":[0,0],"7":[0,0],"8":[0,0]}}
,"C:\\Users\\Marcelo\\source\\repos\\easy-patients-manager\\src\\components\\Form\\useFormValidation.d.ts": {"path":"C:\\Users\\Marcelo\\source\\repos\\easy-patients-manager\\src\\components\\Form\\useFormValidation.d.ts","statementMap":{},"fnMap":{},"branchMap":{},"s":{},"f":{},"b":{}}
,"C:\\Users\\Marcelo\\source\\repos\\easy-patients-manager\\src\\components\\Form\\useFormValidation.tsx": {"path":"C:\\Users\\Marcelo\\source\\repos\\easy-patients-manager\\src\\components\\Form\\useFormValidation.tsx","statementMap":{"0":{"start":{"line":1,"column":0},"end":{"line":1,"column":33}},"1":{"start":{"line":2,"column":0},"end":{"line":2,"column":57}},"2":{"start":{"line":4,"column":26},"end":{"line":58,"column":1}},"3":{"start":{"line":5,"column":30},"end":{"line":5,"column":69}},"4":{"start":{"line":7,"column":24},"end":{"line":30,"column":3}},"5":{"start":{"line":8,"column":16},"end":{"line":8,"column":18}},"6":{"start":{"line":9,"column":4},"end":{"line":28,"column":5}},"7":{"start":{"line":10,"column":6},"end":{"line":10,"column":29}},"8":{"start":{"line":11,"column":11},"end":{"line":28,"column":5}},"9":{"start":{"line":12,"column":18},"end":{"line":12,"column":33}},"10":{"start":{"line":13,"column":20},"end":{"line":13,"column":30}},"11":{"start":{"line":14,"column":18},"end":{"line":14,"column":57}},"12":{"start":{"line":15,"column":6},"end":{"line":19,"column":7}},"13":{"start":{"line":16,"column":8},"end":{"line":16,"column":42}},"14":{"start":{"line":17,"column":13},"end":{"line":19,"column":7}},"15":{"start":{"line":18,"column":8},"end":{"line":18,"column":52}},"16":{"start":{"line":20,"column":11},"end":{"line":28,"column":5}},"17":{"start":{"line":21,"column":6},"end":{"line":21,"column":31}},"18":{"start":{"line":22,"column":11},"end":{"line":28,"column":5}},"19":{"start":{"line":23,"column":6},"end":{"line":23,"column":35}},"20":{"start":{"line":24,"column":11},"end":{"line":28,"column":5}},"21":{"start":{"line":25,"column":6},"end":{"line":27,"column":7}},"22":{"start":{"line":26,"column":8},"end":{"line":26,"column":60}},"23":{"start":{"line":29,"column":4},"end":{"line":29,"column":64}},"24":{"start":{"line":29,"column":29},"end":{"line":29,"column":61}},"25":{"start":{"line":32,"column":24},"end":{"line":39,"column":3}},"26":{"start":{"line":33,"column":4},"end":{"line":37,"column":5}},"27":{"start":{"line":34,"column":6},"end":{"line":34,"column":33}},"28":{"start":{"line":35,"column":11},"end":{"line":37,"column":5}},"29":{"start":{"line":36,"column":6},"end":{"line":36,"column":37}},"30":{"start":{"line":38,"column":4},"end":{"line":38,"column":14}},"31":{"start":{"line":41,"column":24},"end":{"line":48,"column":3}},"32":{"start":{"line":42,"column":4},"end":{"line":46,"column":5}},"33":{"start":{"line":43,"column":6},"end":{"line":43,"column":40}},"34":{"start":{"line":44,"column":11},"end":{"line":46,"column":5}},"35":{"start":{"line":45,"column":6},"end":{"line":45,"column":36}},"36":{"start":{"line":47,"column":4},"end":{"line":47,"column":14}},"37":{"start":{"line":50,"column":26},"end":{"line":55,"column":3}},"38":{"start":{"line":51,"column":4},"end":{"line":53,"column":5}},"39":{"start":{"line":52,"column":6},"end":{"line":52,"column":35}},"40":{"start":{"line":54,"column":4},"end":{"line":54,"column":14}},"41":{"start":{"line":57,"column":2},"end":{"line":57,"column":82}},"42":{"start":{"line":60,"column":0},"end":{"line":60,"column":33}}},"fnMap":{"0":{"name":"(anonymous_0)","decl":{"start":{"line":4,"column":26},"end":{"line":4,"column":27}},"loc":{"start":{"line":4,"column":43},"end":{"line":58,"column":1}}},"1":{"name":"(anonymous_1)","decl":{"start":{"line":7,"column":24},"end":{"line":7,"column":25}},"loc":{"start":{"line":7,"column":56},"end":{"line":30,"column":3}}},"2":{"name":"(anonymous_2)","decl":{"start":{"line":29,"column":14},"end":{"line":29,"column":24}},"loc":{"start":{"line":29,"column":29},"end":{"line":29,"column":61}}},"3":{"name":"(anonymous_3)","decl":{"start":{"line":32,"column":24},"end":{"line":32,"column":25}},"loc":{"start":{"line":32,"column":42},"end":{"line":39,"column":3}}},"4":{"name":"(anonymous_4)","decl":{"start":{"line":41,"column":24},"end":{"line":41,"column":25}},"loc":{"start":{"line":41,"column":42},"end":{"line":48,"column":3}}},"5":{"name":"(anonymous_5)","decl":{"start":{"line":50,"column":26},"end":{"line":50,"column":27}},"loc":{"start":{"line":50,"column":46},"end":{"line":55,"column":3}}}},"branchMap":{"0":{"loc":{"start":{"line":9,"column":4},"end":{"line":28,"column":5}},"type":"if","locations":[{"start":{"line":9,"column":4},"end":{"line":28,"column":5}},{"start":{"line":11,"column":11},"end":{"line":28,"column":5}}]},"1":{"loc":{"start":{"line":9,"column":8},"end":{"line":9,"column":63}},"type":"binary-expr","locations":[{"start":{"line":9,"column":8},"end":{"line":9,"column":27}},{"start":{"line":9,"column":31},"end":{"line":9,"column":63}}]},"2":{"loc":{"start":{"line":11,"column":11},"end":{"line":28,"column":5}},"type":"if","locations":[{"start":{"line":11,"column":11},"end":{"line":28,"column":5}},{"start":{"line":20,"column":11},"end":{"line":28,"column":5}}]},"3":{"loc":{"start":{"line":15,"column":6},"end":{"line":19,"column":7}},"type":"if","locations":[{"start":{"line":15,"column":6},"end":{"line":19,"column":7}},{"start":{"line":17,"column":13},"end":{"line":19,"column":7}}]},"4":{"loc":{"start":{"line":17,"column":13},"end":{"line":19,"column":7}},"type":"if","locations":[{"start":{"line":17,"column":13},"end":{"line":19,"column":7}}]},"5":{"loc":{"start":{"line":20,"column":11},"end":{"line":28,"column":5}},"type":"if","locations":[{"start":{"line":20,"column":11},"end":{"line":28,"column":5}},{"start":{"line":22,"column":11},"end":{"line":28,"column":5}}]},"6":{"loc":{"start":{"line":20,"column":15},"end":{"line":20,"column":68}},"type":"binary-expr","locations":[{"start":{"line":20,"column":15},"end":{"line":20,"column":32}},{"start":{"line":20,"column":36},"end":{"line":20,"column":68}}]},"7":{"loc":{"start":{"line":22,"column":11},"end":{"line":28,"column":5}},"type":"if","locations":[{"start":{"line":22,"column":11},"end":{"line":28,"column":5}},{"start":{"line":24,"column":11},"end":{"line":28,"column":5}}]},"8":{"loc":{"start":{"line":22,"column":15},"end":{"line":22,"column":75}},"type":"binary-expr","locations":[{"start":{"line":22,"column":15},"end":{"line":22,"column":29}},{"start":{"line":22,"column":33},"end":{"line":22,"column":75}}]},"9":{"loc":{"start":{"line":24,"column":11},"end":{"line":28,"column":5}},"type":"if","locations":[{"start":{"line":24,"column":11},"end":{"line":28,"column":5}}]},"10":{"loc":{"start":{"line":25,"column":6},"end":{"line":27,"column":7}},"type":"if","locations":[{"start":{"line":25,"column":6},"end":{"line":27,"column":7}}]},"11":{"loc":{"start":{"line":33,"column":4},"end":{"line":37,"column":5}},"type":"if","locations":[{"start":{"line":33,"column":4},"end":{"line":37,"column":5}},{"start":{"line":35,"column":11},"end":{"line":37,"column":5}}]},"12":{"loc":{"start":{"line":35,"column":11},"end":{"line":37,"column":5}},"type":"if","locations":[{"start":{"line":35,"column":11},"end":{"line":37,"column":5}}]},"13":{"loc":{"start":{"line":42,"column":4},"end":{"line":46,"column":5}},"type":"if","locations":[{"start":{"line":42,"column":4},"end":{"line":46,"column":5}},{"start":{"line":44,"column":11},"end":{"line":46,"column":5}}]},"14":{"loc":{"start":{"line":44,"column":11},"end":{"line":46,"column":5}},"type":"if","locations":[{"start":{"line":44,"column":11},"end":{"line":46,"column":5}}]},"15":{"loc":{"start":{"line":51,"column":4},"end":{"line":53,"column":5}},"type":"if","locations":[{"start":{"line":51,"column":4},"end":{"line":53,"column":5}}]}},"s":{"0":0,"1":0,"2":0,"3":0,"4":0,"5":0,"6":0,"7":0,"8":0,"9":0,"10":0,"11":0,"12":0,"13":0,"14":0,"15":0,"16":0,"17":0,"18":0,"19":0,"20":0,"21":0,"22":0,"23":0,"24":0,"25":0,"26":0,"27":0,"28":0,"29":0,"30":0,"31":0,"32":0,"33":0,"34":0,"35":0,"36":0,"37":0,"38":0,"39":0,"40":0,"41":0,"42":0},"f":{"0":0,"1":0,"2":0,"3":0,"4":0,"5":0},"b":{"0":[0,0],"1":[0,0],"2":[0,0],"3":[0,0],"4":[0],"5":[0,0],"6":[0,0],"7":[0,0],"8":[0,0],"9":[0],"10":[0],"11":[0,0],"12":[0],"13":[0,0],"14":[0],"15":[0]}}
,"C:\\Users\\Marcelo\\source\\repos\\easy-patients-manager\\src\\components\\Form\\Fields\\AddressFields.d.ts": {"path":"C:\\Users\\Marcelo\\source\\repos\\easy-patients-manager\\src\\components\\Form\\Fields\\AddressFields.d.ts","statementMap":{},"fnMap":{},"branchMap":{},"s":{},"f":{},"b":{}}
,"C:\\Users\\Marcelo\\source\\repos\\easy-patients-manager\\src\\components\\Form\\Fields\\AddressFields.tsx": {"path":"C:\\Users\\Marcelo\\source\\repos\\easy-patients-manager\\src\\components\\Form\\Fields\\AddressFields.tsx","statementMap":{"0":{"start":{"line":3,"column":0},"end":{"line":3,"column":51}},"1":{"start":{"line":4,"column":0},"end":{"line":4,"column":38}},"2":{"start":{"line":11,"column":52},"end":{"line":34,"column":1}},"3":{"start":{"line":12,"column":18},"end":{"line":12,"column":30}},"4":{"start":{"line":14,"column":26},"end":{"line":19,"column":3}},"5":{"start":{"line":15,"column":4},"end":{"line":17,"column":5}},"6":{"start":{"line":16,"column":6},"end":{"line":16,"column":35}},"7":{"start":{"line":18,"column":4},"end":{"line":18,"column":14}},"8":{"start":{"line":21,"column":2},"end":{"line":33,"column":4}},"9":{"start":{"line":36,"column":0},"end":{"line":36,"column":29}}},"fnMap":{"0":{"name":"(anonymous_1)","decl":{"start":{"line":11,"column":52},"end":{"line":11,"column":53}},"loc":{"start":{"line":11,"column":80},"end":{"line":34,"column":1}}},"1":{"name":"(anonymous_2)","decl":{"start":{"line":14,"column":26},"end":{"line":14,"column":27}},"loc":{"start":{"line":14,"column":47},"end":{"line":19,"column":3}}}},"branchMap":{"0":{"loc":{"start":{"line":15,"column":4},"end":{"line":17,"column":5}},"type":"if","locations":[{"start":{"line":15,"column":4},"end":{"line":17,"column":5}}]}},"s":{"0":0,"1":0,"2":0,"3":0,"4":0,"5":0,"6":0,"7":0,"8":0,"9":0},"f":{"0":0,"1":0},"b":{"0":[0]}}
,"C:\\Users\\Marcelo\\source\\repos\\easy-patients-manager\\src\\components\\Form\\Fields\\EmailFields.d.ts": {"path":"C:\\Users\\Marcelo\\source\\repos\\easy-patients-manager\\src\\components\\Form\\Fields\\EmailFields.d.ts","statementMap":{},"fnMap":{},"branchMap":{},"s":{},"f":{},"b":{}}
,"C:\\Users\\Marcelo\\source\\repos\\easy-patients-manager\\src\\components\\Form\\Fields\\EmailFields.tsx": {"path":"C:\\Users\\Marcelo\\source\\repos\\easy-patients-manager\\src\\components\\Form\\Fields\\EmailFields.tsx","statementMap":{"0":{"start":{"line":3,"column":0},"end":{"line":3,"column":51}},"1":{"start":{"line":4,"column":0},"end":{"line":4,"column":38}},"2":{"start":{"line":11,"column":48},"end":{"line":36,"column":1}},"3":{"start":{"line":12,"column":18},"end":{"line":12,"column":30}},"4":{"start":{"line":14,"column":24},"end":{"line":21,"column":3}},"5":{"start":{"line":15,"column":4},"end":{"line":19,"column":5}},"6":{"start":{"line":16,"column":6},"end":{"line":16,"column":33}},"7":{"start":{"line":17,"column":11},"end":{"line":19,"column":5}},"8":{"start":{"line":18,"column":6},"end":{"line":18,"column":37}},"9":{"start":{"line":20,"column":4},"end":{"line":20,"column":14}},"10":{"start":{"line":23,"column":2},"end":{"line":35,"column":4}},"11":{"start":{"line":38,"column":0},"end":{"line":38,"column":27}}},"fnMap":{"0":{"name":"(anonymous_1)","decl":{"start":{"line":11,"column":48},"end":{"line":11,"column":49}},"loc":{"start":{"line":11,"column":73},"end":{"line":36,"column":1}}},"1":{"name":"(anonymous_2)","decl":{"start":{"line":14,"column":24},"end":{"line":14,"column":25}},"loc":{"start":{"line":14,"column":41},"end":{"line":21,"column":3}}}},"branchMap":{"0":{"loc":{"start":{"line":15,"column":4},"end":{"line":19,"column":5}},"type":"if","locations":[{"start":{"line":15,"column":4},"end":{"line":19,"column":5}},{"start":{"line":17,"column":11},"end":{"line":19,"column":5}}]},"1":{"loc":{"start":{"line":17,"column":11},"end":{"line":19,"column":5}},"type":"if","locations":[{"start":{"line":17,"column":11},"end":{"line":19,"column":5}}]}},"s":{"0":0,"1":0,"2":0,"3":0,"4":0,"5":0,"6":0,"7":0,"8":0,"9":0,"10":0,"11":0},"f":{"0":0,"1":0},"b":{"0":[0,0],"1":[0]}}
,"C:\\Users\\Marcelo\\source\\repos\\easy-patients-manager\\src\\components\\Form\\Fields\\FieldGroup.d.ts": {"path":"C:\\Users\\Marcelo\\source\\repos\\easy-patients-manager\\src\\components\\Form\\Fields\\FieldGroup.d.ts","statementMap":{},"fnMap":{},"branchMap":{},"s":{},"f":{},"b":{}}
,"C:\\Users\\Marcelo\\source\\repos\\easy-patients-manager\\src\\components\\Form\\Fields\\FieldGroup.tsx": {"path":"C:\\Users\\Marcelo\\source\\repos\\easy-patients-manager\\src\\components\\Form\\Fields\\FieldGroup.tsx","statementMap":{"0":{"start":{"line":1,"column":0},"end":{"line":1,"column":33}},"1":{"start":{"line":2,"column":0},"end":{"line":2,"column":47}},"2":{"start":{"line":16,"column":19},"end":{"line":97,"column":1}},"3":{"start":{"line":27,"column":30},"end":{"line":27,"column":69}},"4":{"start":{"line":29,"column":27},"end":{"line":35,"column":3}},"5":{"start":{"line":30,"column":25},"end":{"line":30,"column":35}},"6":{"start":{"line":31,"column":4},"end":{"line":31,"column":69}},"7":{"start":{"line":32,"column":4},"end":{"line":32,"column":27}},"8":{"start":{"line":33,"column":18},"end":{"line":33,"column":51}},"9":{"start":{"line":34,"column":4},"end":{"line":34,"column":67}},"10":{"start":{"line":34,"column":31},"end":{"line":34,"column":64}},"11":{"start":{"line":37,"column":24},"end":{"line":40,"column":3}},"12":{"start":{"line":38,"column":23},"end":{"line":38,"column":116}},"13":{"start":{"line":39,"column":4},"end":{"line":39,"column":34}},"14":{"start":{"line":42,"column":27},"end":{"line":50,"column":3}},"15":{"start":{"line":43,"column":25},"end":{"line":43,"column":60}},"16":{"start":{"line":43,"column":48},"end":{"line":43,"column":59}},"17":{"start":{"line":44,"column":4},"end":{"line":44,"column":27}},"18":{"start":{"line":45,"column":4},"end":{"line":49,"column":7}},"19":{"start":{"line":46,"column":24},"end":{"line":46,"column":41}},"20":{"start":{"line":47,"column":6},"end":{"line":47,"column":30}},"21":{"start":{"line":48,"column":6},"end":{"line":48,"column":23}},"22":{"start":{"line":52,"column":20},"end":{"line":52,"column":64}},"23":{"start":{"line":52,"column":58},"end":{"line":52,"column":63}},"24":{"start":{"line":54,"column":2},"end":{"line":96,"column":4}},"25":{"start":{"line":58,"column":8},"end":{"line":58,"column":25}},"26":{"start":{"line":63,"column":31},"end":{"line":63,"column":82}},"27":{"start":{"line":71,"column":29},"end":{"line":71,"column":79}},"28":{"start":{"line":75,"column":14},"end":{"line":75,"column":35}},"29":{"start":{"line":82,"column":31},"end":{"line":82,"column":81}},"30":{"start":{"line":87,"column":47},"end":{"line":87,"column":70}},"31":{"start":{"line":99,"column":0},"end":{"line":99,"column":26}}},"fnMap":{"0":{"name":"(anonymous_1)","decl":{"start":{"line":16,"column":19},"end":{"line":16,"column":54}},"loc":{"start":{"line":26,"column":25},"end":{"line":97,"column":1}}},"1":{"name":"(anonymous_2)","decl":{"start":{"line":29,"column":27},"end":{"line":29,"column":28}},"loc":{"start":{"line":29,"column":73},"end":{"line":35,"column":3}}},"2":{"name":"(anonymous_3)","decl":{"start":{"line":34,"column":14},"end":{"line":34,"column":15}},"loc":{"start":{"line":34,"column":31},"end":{"line":34,"column":64}}},"3":{"name":"(anonymous_4)","decl":{"start":{"line":37,"column":24},"end":{"line":37,"column":27}},"loc":{"start":{"line":37,"column":29},"end":{"line":40,"column":3}}},"4":{"name":"(anonymous_5)","decl":{"start":{"line":42,"column":27},"end":{"line":42,"column":28}},"loc":{"start":{"line":42,"column":45},"end":{"line":50,"column":3}}},"5":{"name":"(anonymous_6)","decl":{"start":{"line":43,"column":38},"end":{"line":43,"column":39}},"loc":{"start":{"line":43,"column":48},"end":{"line":43,"column":59}}},"6":{"name":"(anonymous_7)","decl":{"start":{"line":45,"column":14},"end":{"line":45,"column":15}},"loc":{"start":{"line":45,"column":29},"end":{"line":49,"column":5}}},"7":{"name":"(anonymous_8)","decl":{"start":{"line":52,"column":47},"end":{"line":52,"column":48}},"loc":{"start":{"line":52,"column":58},"end":{"line":52,"column":63}}},"8":{"name":"(anonymous_9)","decl":{"start":{"line":57,"column":17},"end":{"line":57,"column":18}},"loc":{"start":{"line":58,"column":8},"end":{"line":58,"column":25}}},"9":{"name":"(anonymous_10)","decl":{"start":{"line":63,"column":24},"end":{"line":63,"column":25}},"loc":{"start":{"line":63,"column":31},"end":{"line":63,"column":82}}},"10":{"name":"(anonymous_11)","decl":{"start":{"line":71,"column":22},"end":{"line":71,"column":23}},"loc":{"start":{"line":71,"column":29},"end":{"line":71,"column":79}}},"11":{"name":"(anonymous_12)","decl":{"start":{"line":74,"column":25},"end":{"line":74,"column":26}},"loc":{"start":{"line":75,"column":14},"end":{"line":75,"column":35}}},"12":{"name":"(anonymous_13)","decl":{"start":{"line":82,"column":24},"end":{"line":82,"column":25}},"loc":{"start":{"line":82,"column":31},"end":{"line":82,"column":81}}},"13":{"name":"(anonymous_14)","decl":{"start":{"line":87,"column":41},"end":{"line":87,"column":44}},"loc":{"start":{"line":87,"column":47},"end":{"line":87,"column":70}}}},"branchMap":{"0":{"loc":{"start":{"line":38,"column":72},"end":{"line":38,"column":108}},"type":"cond-expr","locations":[{"start":{"line":38,"column":84},"end":{"line":38,"column":103}},{"start":{"line":38,"column":106},"end":{"line":38,"column":108}}]},"1":{"loc":{"start":{"line":55,"column":64},"end":{"line":55,"column":115}},"type":"cond-expr","locations":[{"start":{"line":55,"column":76},"end":{"line":55,"column":91}},{"start":{"line":55,"column":94},"end":{"line":55,"column":115}}]},"2":{"loc":{"start":{"line":65,"column":51},"end":{"line":65,"column":84}},"type":"cond-expr","locations":[{"start":{"line":65,"column":67},"end":{"line":65,"column":72}},{"start":{"line":65,"column":75},"end":{"line":65,"column":84}}]},"3":{"loc":{"start":{"line":67,"column":13},"end":{"line":67,"column":99}},"type":"binary-expr","locations":[{"start":{"line":67,"column":13},"end":{"line":67,"column":26}},{"start":{"line":67,"column":30},"end":{"line":67,"column":99}}]},"4":{"loc":{"start":{"line":78,"column":11},"end":{"line":85,"column":null}},"type":"binary-expr","locations":[{"start":{"line":78,"column":11},"end":{"line":78,"column":20}},{"start":{"line":78,"column":24},"end":{"line":78,"column":51}},{"start":{"line":79,"column":12},"end":{"line":84,"column":null}}]},"5":{"loc":{"start":{"line":81,"column":21},"end":{"line":81,"column":42}},"type":"binary-expr","locations":[{"start":{"line":81,"column":21},"end":{"line":81,"column":36}},{"start":{"line":81,"column":40},"end":{"line":81,"column":42}}]}},"s":{"0":0,"1":0,"2":0,"3":0,"4":0,"5":0,"6":0,"7":0,"8":0,"9":0,"10":0,"11":0,"12":0,"13":0,"14":0,"15":0,"16":0,"17":0,"18":0,"19":0,"20":0,"21":0,"22":0,"23":0,"24":0,"25":0,"26":0,"27":0,"28":0,"29":0,"30":0,"31":0},"f":{"0":0,"1":0,"2":0,"3":0,"4":0,"5":0,"6":0,"7":0,"8":0,"9":0,"10":0,"11":0,"12":0,"13":0},"b":{"0":[0,0],"1":[0,0],"2":[0,0],"3":[0,0],"4":[0,0,0],"5":[0,0]}}
,"C:\\Users\\Marcelo\\source\\repos\\easy-patients-manager\\src\\components\\Form\\Fields\\FormButtons.d.ts": {"path":"C:\\Users\\Marcelo\\source\\repos\\easy-patients-manager\\src\\components\\Form\\Fields\\FormButtons.d.ts","statementMap":{},"fnMap":{},"branchMap":{},"s":{},"f":{},"b":{}}
[...]
,"C:\\Users\\Marcelo\\source\\repos\\easy-patients-manager\\src\\shared\\contactsState.d.ts": {"path":"C:\\Users\\Marcelo\\source\\repos\\easy-patients-manager\\src\\shared\\contactsState.d.ts","statementMap":{},"fnMap":{},"branchMap":{},"s":{},"f":{},"b":{}}
,"C:\\Users\\Marcelo\\source\\repos\\easy-patients-manager\\src\\shared\\contactsState.ts": {"path":"C:\\Users\\Marcelo\\source\\repos\\easy-patients-manager\\src\\shared\\contactsState.ts","statementMap":{"0":{"start":{"line":1,"column":25},"end":{"line":1,"column":27}},"1":{"start":{"line":5,"column":2},"end":{"line":5,"column":13}},"2":{"start":{"line":2,"column":28},"end":{"line":2,"column":30}},"3":{"start":{"line":6,"column":2},"end":{"line":6,"column":16}}},"fnMap":{},"branchMap":{},"s":{"0":0,"1":0,"2":0,"3":0},"f":{},"b":{}}
,"C:\\Users\\Marcelo\\source\\repos\\easy-patients-manager\\src\\shared\\state.d.ts": {"path":"C:\\Users\\Marcelo\\source\\repos\\easy-patients-manager\\src\\shared\\state.d.ts","statementMap":{},"fnMap":{},"branchMap":{},"s":{},"f":{},"b":{}}
,"C:\\Users\\Marcelo\\source\\repos\\easy-patients-manager\\src\\shared\\state.ts": {"path":"C:\\Users\\Marcelo\\source\\repos\\easy-patients-manager\\src\\shared\\state.ts","statementMap":{"0":{"start":{"line":6,"column":23},"end":{"line":9,"column":4}},"1":{"start":{"line":11,"column":2},"end":{"line":11,"column":23}}},"fnMap":{},"branchMap":{},"s":{"0":0,"1":0},"f":{},"b":{}}
,"C:\\Users\\Marcelo\\source\\repos\\easy-patients-manager\\src\\store\\apiDataSourceSlice.d.ts": {"path":"C:\\Users\\Marcelo\\source\\repos\\easy-patients-manager\\src\\store\\apiDataSourceSlice.d.ts","statementMap":{},"fnMap":{},"branchMap":{},"s":{},"f":{},"b":{}}
,"C:\\Users\\Marcelo\\source\\repos\\easy-patients-manager\\src\\store\\apiDataSourceSlice.ts": {"path":"C:\\Users\\Marcelo\\source\\repos\\easy-patients-manager\\src\\store\\apiDataSourceSlice.ts","statementMap":{"0":{"start":{"line":1,"column":0},"end":{"line":1,"column":62}},"1":{"start":{"line":8,"column":41},"end":{"line":10,"column":2}},"2":{"start":{"line":12,"column":27},"end":{"line":23,"column":2}},"3":{"start":{"line":17,"column":6},"end":{"line":17,"column":43}},"4":{"start":{"line":20,"column":6},"end":{"line":20,"column":33}},"5":{"start":{"line":25,"column":13},"end":{"line":25,"column":56}},"6":{"start":{"line":26,"column":0},"end":{"line":26,"column":42}}},"fnMap":{"0":{"name":"(anonymous_0)","decl":{"start":{"line":16,"column":4},"end":{"line":16,"column":20}},"loc":{"start":{"line":16,"column":64},"end":{"line":18,"column":5}}},"1":{"name":"(anonymous_1)","decl":{"start":{"line":19,"column":4},"end":{"line":19,"column":22}},"loc":{"start":{"line":19,"column":28},"end":{"line":21,"column":5}}}},"branchMap":{},"s":{"0":0,"1":0,"2":0,"3":0,"4":0,"5":0,"6":0},"f":{"0":0,"1":0},"b":{}}
,"C:\\Users\\Marcelo\\source\\repos\\easy-patients-manager\\src\\store\\authSlice.d.ts": {"path":"C:\\Users\\Marcelo\\source\\repos\\easy-patients-manager\\src\\store\\authSlice.d.ts","statementMap":{},"fnMap":{},"branchMap":{},"s":{},"f":{},"b":{}}
,"C:\\Users\\Marcelo\\source\\repos\\easy-patients-manager\\src\\store\\authSlice.ts": {"path":"C:\\Users\\Marcelo\\source\\repos\\easy-patients-manager\\src\\store\\authSlice.ts","statementMap":{"0":{"start":{"line":1,"column":0},"end":{"line":1,"column":62}},"1":{"start":{"line":9,"column":32},"end":{"line":12,"column":2}},"2":{"start":{"line":14,"column":18},"end":{"line":27,"column":2}},"3":{"start":{"line":19,"column":6},"end":{"line":19,"column":30}},"4":{"start":{"line":20,"column":6},"end":{"line":20,"column":40}},"5":{"start":{"line":23,"column":6},"end":{"line":23,"column":31}},"6":{"start":{"line":24,"column":6},"end":{"line":24,"column":30}},"7":{"start":{"line":29,"column":13},"end":{"line":29,"column":50}},"8":{"start":{"line":30,"column":0},"end":{"line":30,"column":33}}},"fnMap":{"0":{"name":"(anonymous_0)","decl":{"start":{"line":18,"column":4},"end":{"line":18,"column":17}},"loc":{"start":{"line":18,"column":69},"end":{"line":21,"column":5}}},"1":{"name":"(anonymous_1)","decl":{"start":{"line":22,"column":4},"end":{"line":22,"column":19}},"loc":{"start":{"line":22,"column":25},"end":{"line":25,"column":5}}}},"branchMap":{},"s":{"0":0,"1":0,"2":0,"3":0,"4":0,"5":0,"6":0,"7":0,"8":0},"f":{"0":0,"1":0},"b":{}}
,"C:\\Users\\Marcelo\\source\\repos\\easy-patients-manager\\src\\store\\index.d.ts": {"path":"C:\\Users\\Marcelo\\source\\repos\\easy-patients-manager\\src\\store\\index.d.ts","statementMap":{},"fnMap":{},"branchMap":{},"s":{},"f":{},"b":{}}
,"C:\\Users\\Marcelo\\source\\repos\\easy-patients-manager\\src\\store\\index.ts": {"path":"C:\\Users\\Marcelo\\source\\repos\\easy-patients-manager\\src\\store\\index.ts","statementMap":{"0":{"start":{"line":1,"column":0},"end":{"line":1,"column":50}},"1":{"start":{"line":2,"column":0},"end":{"line":2,"column":53}},"2":{"start":{"line":3,"column":0},"end":{"line":3,"column":80}},"3":{"start":{"line":4,"column":0},"end":{"line":4,"column":62}},"4":{"start":{"line":6,"column":20},"end":{"line":10,"column":2}},"5":{"start":{"line":12,"column":14},"end":{"line":14,"column":2}},"6":{"start":{"line":16,"column":0},"end":{"line":16,"column":21}}},"fnMap":{},"branchMap":{},"s":{"0":0,"1":0,"2":0,"3":0,"4":0,"5":0,"6":0},"f":{},"b":{}}
,"C:\\Users\\Marcelo\\source\\repos\\easy-patients-manager\\src\\store\\patientSlice.d.ts": {"path":"C:\\Users\\Marcelo\\source\\repos\\easy-patients-manager\\src\\store\\patientSlice.d.ts","statementMap":{},"fnMap":{},"branchMap":{},"s":{},"f":{},"b":{}}
,"C:\\Users\\Marcelo\\source\\repos\\easy-patients-manager\\src\\store\\patientSlice.ts": {"path":"C:\\Users\\Marcelo\\source\\repos\\easy-patients-manager\\src\\store\\patientSlice.ts","statementMap":{"0":{"start":{"line":1,"column":0},"end":{"line":1,"column":62}},"1":{"start":{"line":13,"column":35},"end":{"line":20,"column":2}},"2":{"start":{"line":22,"column":21},"end":{"line":45,"column":2}},"3":{"start":{"line":27,"column":6},"end":{"line":27,"column":45}},"4":{"start":{"line":30,"column":6},"end":{"line":30,"column":38}},"5":{"start":{"line":33,"column":6},"end":{"line":33,"column":39}},"6":{"start":{"line":36,"column":6},"end":{"line":36,"column":38}},"7":{"start":{"line":39,"column":6},"end":{"line":39,"column":46}},"8":{"start":{"line":42,"column":6},"end":{"line":42,"column":41}},"9":{"start":{"line":47,"column":13},"end":{"line":47,"column":115}},"10":{"start":{"line":49,"column":41},"end":{"line":52,"column":1}},"11":{"start":{"line":50,"column":18},"end":{"line":50,"column":62}},"12":{"start":{"line":50,"column":43},"end":{"line":50,"column":61}},"13":{"start":{"line":51,"column":2},"end":{"line":51,"column":52}},"14":{"start":{"line":49,"column":13},"end":{"line":49,"column":41}},"15":{"start":{"line":54,"column":0},"end":{"line":54,"column":36}}},"fnMap":{"0":{"name":"(anonymous_0)","decl":{"start":{"line":26,"column":4},"end":{"line":26,"column":22}},"loc":{"start":{"line":26,"column":67},"end":{"line":28,"column":5}}},"1":{"name":"(anonymous_1)","decl":{"start":{"line":29,"column":4},"end":{"line":29,"column":15}},"loc":{"start":{"line":29,"column":55},"end":{"line":31,"column":5}}},"2":{"name":"(anonymous_2)","decl":{"start":{"line":32,"column":4},"end":{"line":32,"column":16}},"loc":{"start":{"line":32,"column":54},"end":{"line":34,"column":5}}},"3":{"name":"(anonymous_3)","decl":{"start":{"line":35,"column":4},"end":{"line":35,"column":15}},"loc":{"start":{"line":35,"column":53},"end":{"line":37,"column":5}}},"4":{"name":"(anonymous_4)","decl":{"start":{"line":38,"column":4},"end":{"line":38,"column":23}},"loc":{"start":{"line":38,"column":61},"end":{"line":40,"column":5}}},"5":{"name":"(anonymous_5)","decl":{"start":{"line":41,"column":4},"end":{"line":41,"column":18}},"loc":{"start":{"line":41,"column":56},"end":{"line":43,"column":5}}},"6":{"name":"(anonymous_6)","decl":{"start":{"line":49,"column":41},"end":{"line":49,"column":42}},"loc":{"start":{"line":49,"column":93},"end":{"line":52,"column":1}}},"7":{"name":"(anonymous_7)","decl":{"start":{"line":50,"column":38},"end":{"line":50,"column":39}},"loc":{"start":{"line":50,"column":43},"end":{"line":50,"column":61}}}},"branchMap":{"0":{"loc":{"start":{"line":51,"column":9},"end":{"line":51,"column":51}},"type":"cond-expr","locations":[{"start":{"line":51,"column":19},"end":{"line":51,"column":43}},{"start":{"line":51,"column":46},"end":{"line":51,"column":51}}]},"1":{"loc":{"start":{"line":51,"column":19},"end":{"line":51,"column":43}},"type":"binary-expr","locations":[{"start":{"line":51,"column":19},"end":{"line":51,"column":34}},{"start":{"line":51,"column":38},"end":{"line":51,"column":43}}]}},"s":{"0":0,"1":0,"2":0,"3":0,"4":0,"5":0,"6":0,"7":0,"8":0,"9":0,"10":0,"11":0,"12":0,"13":0,"14":0,"15":0},"f":{"0":0,"1":0,"2":0,"3":0,"4":0,"5":0,"6":0,"7":0},"b":{"0":[0,0],"1":[0,0]}}
,"C:\\Users\\Marcelo\\source\\repos\\easy-patients-manager\\src\\store\\selectors.d.ts": {"path":"C:\\Users\\Marcelo\\source\\repos\\easy-patients-manager\\src\\store\\selectors.d.ts","statementMap":{},"fnMap":{},"branchMap":{},"s":{},"f":{},"b":{}}
,"C:\\Users\\Marcelo\\source\\repos\\easy-patients-manager\\src\\store\\selectors.ts": {"path":"C:\\Users\\Marcelo\\source\\repos\\easy-patients-manager\\src\\store\\selectors.ts","statementMap":{"0":{"start":{"line":1,"column":0},"end":{"line":1,"column":42}},"1":{"start":{"line":3,"column":0},"end":{"line":3,"column":71}},"2":{"start":{"line":6,"column":27},"end":{"line":6,"column":62}},"3":{"start":{"line":6,"column":49},"end":{"line":6,"column":62}},"4":{"start":{"line":8,"column":23},"end":{"line":10,"column":null}},"5":{"start":{"line":10,"column":20},"end":{"line":10,"column":41}},"6":{"start":{"line":13,"column":30},"end":{"line":15,"column":null}},"7":{"start":{"line":15,"column":20},"end":{"line":15,"column":48}},"8":{"start":{"line":18,"column":24},"end":{"line":20,"column":null}},"9":{"start":{"line":20,"column":20},"end":{"line":20,"column":42}},"10":{"start":{"line":23,"column":23},"end":{"line":25,"column":null}},"11":{"start":{"line":25,"column":20},"end":{"line":25,"column":41}},"12":{"start":{"line":28,"column":31},"end":{"line":30,"column":null}},"13":{"start":{"line":30,"column":20},"end":{"line":30,"column":49}},"14":{"start":{"line":33,"column":26},"end":{"line":35,"column":null}},"15":{"start":{"line":35,"column":20},"end":{"line":35,"column":44}},"16":{"start":{"line":38,"column":13},"end":{"line":40,"column":2}},"17":{"start":{"line":39,"column":2},"end":{"line":39,"column":73}},"18":{"start":{"line":39,"column":37},"end":{"line":39,"column":72}},"19":{"start":{"line":42,"column":13},"end":{"line":42,"column":128}},"20":{"start":{"line":42,"column":111},"end":{"line":42,"column":126}},"21":{"start":{"line":43,"column":13},"end":{"line":43,"column":97}},"22":{"start":{"line":43,"column":86},"end":{"line":43,"column":95}},"23":{"start":{"line":44,"column":13},"end":{"line":44,"column":93}},"24":{"start":{"line":44,"column":83},"end":{"line":44,"column":91}},"25":{"start":{"line":45,"column":13},"end":{"line":45,"column":125}},"26":{"start":{"line":45,"column":107},"end":{"line":45,"column":123}},"27":{"start":{"line":46,"column":13},"end":{"line":46,"column":105}},"28":{"start":{"line":46,"column":92},"end":{"line":46,"column":103}}},"fnMap":{"0":{"name":"(anonymous_0)","decl":{"start":{"line":6,"column":27},"end":{"line":6,"column":28}},"loc":{"start":{"line":6,"column":49},"end":{"line":6,"column":62}}},"1":{"name":"(anonymous_1)","decl":{"start":{"line":10,"column":2},"end":{"line":10,"column":3}},"loc":{"start":{"line":10,"column":20},"end":{"line":10,"column":41}}},"2":{"name":"(anonymous_2)","decl":{"start":{"line":15,"column":2},"end":{"line":15,"column":3}},"loc":{"start":{"line":15,"column":20},"end":{"line":15,"column":48}}},"3":{"name":"(anonymous_3)","decl":{"start":{"line":20,"column":2},"end":{"line":20,"column":3}},"loc":{"start":{"line":20,"column":20},"end":{"line":20,"column":42}}},"4":{"name":"(anonymous_4)","decl":{"start":{"line":25,"column":2},"end":{"line":25,"column":3}},"loc":{"start":{"line":25,"column":20},"end":{"line":25,"column":41}}},"5":{"name":"(anonymous_5)","decl":{"start":{"line":30,"column":2},"end":{"line":30,"column":3}},"loc":{"start":{"line":30,"column":20},"end":{"line":30,"column":49}}},"6":{"name":"(anonymous_6)","decl":{"start":{"line":35,"column":2},"end":{"line":35,"column":3}},"loc":{"start":{"line":35,"column":20},"end":{"line":35,"column":44}}},"7":{"name":"(anonymous_7)","decl":{"start":{"line":38,"column":60},"end":{"line":38,"column":61}},"loc":{"start":{"line":39,"column":2},"end":{"line":39,"column":73}}},"8":{"name":"(anonymous_8)","decl":{"start":{"line":39,"column":15},"end":{"line":39,"column":16}},"loc":{"start":{"line":39,"column":37},"end":{"line":39,"column":72}}},"9":{"name":"(anonymous_9)","decl":{"start":{"line":42,"column":74},"end":{"line":42,"column":75}},"loc":{"start":{"line":42,"column":111},"end":{"line":42,"column":126}}},"10":{"name":"(anonymous_10)","decl":{"start":{"line":43,"column":62},"end":{"line":43,"column":63}},"loc":{"start":{"line":43,"column":86},"end":{"line":43,"column":95}}},"11":{"name":"(anonymous_11)","decl":{"start":{"line":44,"column":60},"end":{"line":44,"column":61}},"loc":{"start":{"line":44,"column":83},"end":{"line":44,"column":91}}},"12":{"name":"(anonymous_12)","decl":{"start":{"line":45,"column":76},"end":{"line":45,"column":77}},"loc":{"start":{"line":45,"column":107},"end":{"line":45,"column":123}}},"13":{"name":"(anonymous_13)","decl":{"start":{"line":46,"column":66},"end":{"line":46,"column":67}},"loc":{"start":{"line":46,"column":92},"end":{"line":46,"column":103}}}},"branchMap":{},"s":{"0":0,"1":0,"2":0,"3":0,"4":0,"5":0,"6":0,"7":0,"8":0,"9":0,"10":0,"11":0,"12":0,"13":0,"14":0,"15":0,"16":0,"17":0,"18":0,"19":0,"20":0,"21":0,"22":0,"23":0,"24":0,"25":0,"26":0,"27":0,"28":0},"f":{"0":0,"1":0,"2":0,"3":0,"4":0,"5":0,"6":0,"7":0,"8":0,"9":0,"10":0,"11":0,"12":0,"13":0},"b":{}}
,"C:\\Users\\Marcelo\\source\\repos\\easy-patients-manager\\src\\utils\\patientStorage.d.ts": {"path":"C:\\Users\\Marcelo\\source\\repos\\easy-patients-manager\\src\\utils\\patientStorage.d.ts","statementMap":{},"fnMap":{},"branchMap":{},"s":{},"f":{},"b":{}}
,"C:\\Users\\Marcelo\\source\\repos\\easy-patients-manager\\src\\utils\\patientStorage.ts": {"path":"C:\\Users\\Marcelo\\source\\repos\\easy-patients-manager\\src\\utils\\patientStorage.ts","statementMap":{"0":{"start":{"line":3,"column":38},"end":{"line":6,"column":1}},"1":{"start":{"line":4,"column":25},"end":{"line":4,"column":57}},"2":{"start":{"line":5,"column":2},"end":{"line":5,"column":58}},"3":{"start":{"line":3,"column":13},"end":{"line":3,"column":38}},"4":{"start":{"line":8,"column":37},"end":{"line":10,"column":1}},"5":{"start":{"line":9,"column":2},"end":{"line":9,"column":61}},"6":{"start":{"line":8,"column":13},"end":{"line":8,"column":37}},"7":{"start":{"line":12,"column":46},"end":{"line":15,"column":1}},"8":{"start":{"line":13,"column":33},"end":{"line":13,"column":73}},"9":{"start":{"line":14,"column":2},"end":{"line":14,"column":74}},"10":{"start":{"line":12,"column":13},"end":{"line":12,"column":46}},"11":{"start":{"line":17,"column":45},"end":{"line":19,"column":1}},"12":{"start":{"line":18,"column":2},"end":{"line":18,"column":77}},"13":{"start":{"line":17,"column":13},"end":{"line":17,"column":45}}},"fnMap":{"0":{"name":"(anonymous_0)","decl":{"start":{"line":3,"column":38},"end":{"line":3,"column":52}},"loc":{"start":{"line":3,"column":54},"end":{"line":6,"column":1}}},"1":{"name":"(anonymous_1)","decl":{"start":{"line":8,"column":37},"end":{"line":8,"column":38}},"loc":{"start":{"line":8,"column":67},"end":{"line":10,"column":1}}},"2":{"name":"(anonymous_2)","decl":{"start":{"line":12,"column":46},"end":{"line":12,"column":68}},"loc":{"start":{"line":12,"column":70},"end":{"line":15,"column":1}}},"3":{"name":"(anonymous_3)","decl":{"start":{"line":17,"column":45},"end":{"line":17,"column":46}},"loc":{"start":{"line":17,"column":91},"end":{"line":19,"column":1}}}},"branchMap":{"0":{"loc":{"start":{"line":5,"column":9},"end":{"line":5,"column":57}},"type":"cond-expr","locations":[{"start":{"line":5,"column":26},"end":{"line":5,"column":52}},{"start":{"line":5,"column":55},"end":{"line":5,"column":57}}]},"1":{"loc":{"start":{"line":14,"column":9},"end":{"line":14,"column":73}},"type":"cond-expr","locations":[{"start":{"line":14,"column":34},"end":{"line":14,"column":68}},{"start":{"line":14,"column":71},"end":{"line":14,"column":73}}]}},"s":{"0":0,"1":0,"2":0,"3":0,"4":0,"5":0,"6":0,"7":0,"8":0,"9":0,"10":0,"11":0,"12":0,"13":0},"f":{"0":0,"1":0,"2":0,"3":0},"b":{"0":[0,0],"1":[0,0]}}
,"C:\\Users\\Marcelo\\source\\repos\\easy-patients-manager\\src\\utils\\transformPatient.d.ts": {"path":"C:\\Users\\Marcelo\\source\\repos\\easy-patients-manager\\src\\utils\\transformPatient.d.ts","statementMap":{},"fnMap":{},"branchMap":{},"s":{},"f":{},"b":{}}
,"C:\\Users\\Marcelo\\source\\repos\\easy-patients-manager\\src\\utils\\transformPatient.test.d.ts": {"path":"C:\\Users\\Marcelo\\source\\repos\\easy-patients-manager\\src\\utils\\transformPatient.test.d.ts","statementMap":{},"fnMap":{},"branchMap":{},"s":{},"f":{},"b":{}}
,"C:\\Users\\Marcelo\\source\\repos\\easy-patients-manager\\src\\utils\\transformPatient.ts": {"path":"C:\\Users\\Marcelo\\source\\repos\\easy-patients-manager\\src\\utils\\transformPatient.ts","statementMap":{"0":{"start":{"line":3,"column":42},"end":{"line":18,"column":1}},"1":{"start":{"line":4,"column":2},"end":{"line":17,"column":4}},"2":{"start":{"line":3,"column":13},"end":{"line":3,"column":42}},"3":{"start":{"line":20,"column":34},"end":{"line":31,"column":1}},"4":{"start":{"line":21,"column":2},"end":{"line":30,"column":4}},"5":{"start":{"line":20,"column":13},"end":{"line":20,"column":34}}},"fnMap":{"0":{"name":"(anonymous_0)","decl":{"start":{"line":3,"column":42},"end":{"line":3,"column":43}},"loc":{"start":{"line":3,"column":80},"end":{"line":18,"column":1}}},"1":{"name":"(anonymous_1)","decl":{"start":{"line":20,"column":34},"end":{"line":20,"column":35}},"loc":{"start":{"line":20,"column":80},"end":{"line":31,"column":1}}}},"branchMap":{"0":{"loc":{"start":{"line":6,"column":15},"end":{"line":6,"column":66}},"type":"cond-expr","locations":[{"start":{"line":6,"column":44},"end":{"line":6,"column":46}},{"start":{"line":6,"column":49},"end":{"line":6,"column":66}}]},"1":{"loc":{"start":{"line":7,"column":13},"end":{"line":7,"column":72}},"type":"cond-expr","locations":[{"start":{"line":7,"column":45},"end":{"line":7,"column":60}},{"start":{"line":7,"column":63},"end":{"line":7,"column":72}}]},"2":{"loc":{"start":{"line":28,"column":15},"end":{"line":28,"column":83}},"type":"cond-expr","locations":[{"start":{"line":28,"column":53},"end":{"line":28,"column":55}},{"start":{"line":28,"column":58},"end":{"line":28,"column":83}}]},"3":{"loc":{"start":{"line":29,"column":13},"end":{"line":29,"column":88}},"type":"cond-expr","locations":[{"start":{"line":29,"column":53},"end":{"line":29,"column":76}},{"start":{"line":29,"column":79},"end":{"line":29,"column":88}}]}},"s":{"0":0,"1":0,"2":0,"3":0,"4":0,"5":0},"f":{"0":0,"1":0},"b":{"0":[0,0],"1":[0,0],"2":[0,0],"3":[0,0]}}
}
