TN:
SF:src\App.d.ts
FNF:0
FNH:0
LF:0
LH:0
BRF:0
BRH:0
end_of_record
TN:
SF:src\App.tsx
FN:5,(anonymous_0)
FNF:1
FNH:0
FNDA:0,(anonymous_0)
DA:2,0
DA:3,0
DA:5,0
DA:6,0
DA:13,0
LF:5
LH:0
BRF:0
BRH:0
end_of_record
TN:
SF:src\declarations.d.ts
FNF:0
FNH:0
LF:0
LH:0
BRF:0
BRH:0
end_of_record
TN:
SF:src\index.d.ts
FNF:0
FNH:0
LF:0
LH:0
BRF:0
BRH:0
end_of_record
TN:
SF:src\index.tsx
FNF:0
FNH:0
DA:1,0
DA:2,0
DA:3,0
DA:4,0
DA:5,0
DA:6,0
DA:8,0
DA:10,0
DA:11,0
DA:13,0
LF:10
LH:0
BRF:0
BRH:0
end_of_record
TN:
SF:src\setupTests.d.ts
FNF:0
FNH:0
LF:0
LH:0
BRF:0
BRH:0
end_of_record
TN:
SF:src\setupTests.ts
FNF:0
FNH:0
DA:1,0
LF:1
LH:0
BRF:0
BRH:0
end_of_record
TN:
SF:src\vite-env.d.ts
FNF:0
FNH:0
LF:0
LH:0
BRF:0
BRH:0
end_of_record
TN:
SF:src\apiContacts\apiDataSource.d.ts
FNF:0
FNH:0
LF:0
LH:0
BRF:0
BRH:0
end_of_record
TN:
SF:src\apiContacts\apiDataSource.test.d.ts
FNF:0
FNH:0
LF:0
LH:0
BRF:0
BRH:0
end_of_record
TN:
SF:src\apiContacts\apiDataSource.ts
FN:7,(anonymous_1)
FN:12,(anonymous_2)
FN:43,(anonymous_3)
FN:56,(anonymous_4)
FN:68,(anonymous_5)
FN:82,(anonymous_6)
FNF:6
FNH:0
FNDA:0,(anonymous_1)
FNDA:0,(anonymous_2)
FNDA:0,(anonymous_3)
FNDA:0,(anonymous_4)
FNDA:0,(anonymous_5)
FNDA:0,(anonymous_6)
DA:1,0
DA:2,0
DA:8,0
DA:9,0
DA:13,0
DA:14,0
DA:16,0
DA:17,0
DA:19,0
DA:20,0
DA:21,0
DA:28,0
DA:29,0
DA:31,0
DA:32,0
DA:35,0
DA:36,0
DA:40,0
DA:44,0
DA:45,0
DA:49,0
DA:51,0
DA:52,0
DA:57,0
DA:58,0
DA:61,0
DA:63,0
DA:64,0
DA:69,0
DA:70,0
DA:75,0
DA:77,0
DA:78,0
DA:83,0
DA:84,0
DA:88,0
DA:93,0
LF:37
LH:0
BRDA:25,0,0,0
BRDA:25,0,1,0
BRDA:29,1,0,0
BRDA:29,1,1,0
BRDA:31,2,0,0
BRF:5
BRH:0
end_of_record
TN:
SF:src\apiContacts\constants.d.ts
FNF:0
FNH:0
LF:0
LH:0
BRF:0
BRH:0
end_of_record
TN:
SF:src\apiContacts\constants.ts
FNF:0
FNH:0
DA:1,0
DA:9,0
LF:2
LH:0
BRF:0
BRH:0
end_of_record
TN:
SF:src\apiContacts\dataSource.d.ts
FNF:0
FNH:0
LF:0
LH:0
BRF:0
BRH:0
end_of_record
TN:
SF:src\apiContacts\dataSource.ts
FNF:0
FNH:0
DA:5,0
LF:1
LH:0
BRF:0
BRH:0
end_of_record
TN:
SF:src\apiContacts\filterContacts.d.ts
FNF:0
FNH:0
LF:0
LH:0
BRF:0
BRH:0
end_of_record
TN:
SF:src\apiContacts\filterContacts.ts
FN:11,filterContacts
FN:13,(anonymous_1)
FN:15,(anonymous_2)
FN:23,(anonymous_3)
FN:38,filterContactsByGroup
FN:39,(anonymous_5)
FN:41,(anonymous_6)
FN:53,returnContactsThatDoNotBelongToPatientGroups
FN:54,(anonymous_8)
FN:56,(anonymous_9)
FNF:10
FNH:0
FNDA:0,filterContacts
FNDA:0,(anonymous_1)
FNDA:0,(anonymous_2)
FNDA:0,(anonymous_3)
FNDA:0,filterContactsByGroup
FNDA:0,(anonymous_5)
FNDA:0,(anonymous_6)
FNDA:0,returnContactsThatDoNotBelongToPatientGroups
FNDA:0,(anonymous_8)
FNDA:0,(anonymous_9)
DA:2,0
DA:13,0
DA:14,0
DA:15,0
DA:16,0
DA:22,0
DA:23,0
DA:24,0
DA:25,0
DA:29,0
DA:39,0
DA:40,0
DA:41,0
DA:42,0
DA:54,0
DA:55,0
DA:56,0
DA:57,0
DA:64,0
DA:65,0
DA:66,0
LF:21
LH:0
BRDA:14,0,0,0
BRDA:14,0,1,0
BRDA:16,1,0,0
BRDA:16,1,1,0
BRDA:22,2,0,0
BRDA:24,3,0,0
BRDA:24,3,1,0
BRDA:40,4,0,0
BRDA:40,4,1,0
BRDA:42,5,0,0
BRDA:42,5,1,0
BRDA:55,6,0,0
BRDA:55,6,1,0
BRDA:57,7,0,0
BRDA:57,7,1,0
BRF:15
BRH:0
end_of_record
TN:
SF:src\apiContacts\localJsonDataSource.d.ts
FNF:0
FNH:0
LF:0
LH:0
BRF:0
BRH:0
end_of_record
TN:
SF:src\apiContacts\localJsonDataSource.ts
FN:6,(anonymous_1)
FNF:1
FNH:0
FNDA:0,(anonymous_1)
DA:1,0
DA:2,0
DA:3,0
DA:7,0
DA:8,0
DA:9,0
DA:11,0
DA:12,0
DA:17,0
LF:9
LH:0
BRF:0
BRH:0
end_of_record
TN:
SF:src\assets\index.d.ts
FNF:0
FNH:0
LF:0
LH:0
BRF:0
BRH:0
end_of_record
TN:
SF:src\auth\oauthClient.d.ts
FNF:0
FNH:0
LF:0
LH:0
BRF:0
BRH:0
end_of_record
TN:
SF:src\auth\oauthClient.ts
FN:20,(anonymous_1)
FN:30,(anonymous_2)
FNF:2
FNH:0
FNDA:0,(anonymous_1)
FNDA:0,(anonymous_2)
DA:1,0
DA:2,0
DA:3,0
DA:4,0
DA:7,0
DA:8,0
DA:9,0
DA:12,0
DA:14,0
DA:20,0
DA:21,0
DA:30,0
DA:31,0
DA:32,0
DA:33,0
DA:36,0
DA:43,0
DA:44,0
DA:50,0
DA:51,0
DA:52,0
DA:53,0
DA:55,0
DA:56,0
DA:58,0
DA:60,0
DA:64,0
LF:27
LH:0
BRDA:32,0,0,0
BRDA:55,1,0,0
BRDA:55,1,1,0
BRDA:56,2,0,0
BRDA:56,2,1,0
BRF:5
BRH:0
end_of_record
TN:
SF:src\components\Header.d.ts
FNF:0
FNH:0
LF:0
LH:0
BRF:0
BRH:0
end_of_record
TN:
SF:src\components\Header.tsx
FN:10,(anonymous_1)
FN:13,(anonymous_2)
FN:15,(anonymous_3)
FN:16,(anonymous_4)
FN:25,(anonymous_5)
FN:26,(anonymous_6)
FN:34,(anonymous_7)
FN:35,(anonymous_8)
FNF:8
FNH:0
FNDA:0,(anonymous_1)
FNDA:0,(anonymous_2)
FNDA:0,(anonymous_3)
FNDA:0,(anonymous_4)
FNDA:0,(anonymous_5)
FNDA:0,(anonymous_6)
FNDA:0,(anonymous_7)
FNDA:0,(anonymous_8)
DA:1,0
DA:2,0
DA:3,0
DA:4,0
DA:5,0
DA:7,0
DA:8,0
DA:10,0
DA:11,0
DA:12,0
DA:13,0
DA:15,0
DA:16,0
DA:17,0
DA:22,0
DA:25,0
DA:26,0
DA:27,0
DA:28,0
DA:29,0
DA:30,0
DA:34,0
DA:35,0
DA:36,0
DA:37,0
DA:38,0
DA:42,0
DA:55,0
LF:28
LH:0
BRDA:45,0,0,0
BRDA:45,0,1,0
BRDA:45,0,2,0
BRDA:48,1,0,0
BRDA:48,1,1,0
BRF:5
BRH:0
end_of_record
TN:
SF:src\components\Integration.test.d.ts
FNF:0
FNH:0
LF:0
LH:0
BRF:0
BRH:0
end_of_record
TN:
SF:src\components\MainLayout.d.ts
FNF:0
FNH:0
LF:0
LH:0
BRF:0
BRH:0
end_of_record
TN:
SF:src\components\MainLayout.test.d.ts
FNF:0
FNH:0
LF:0
LH:0
BRF:0
BRH:0
end_of_record
TN:
SF:src\components\MainLayout.tsx
FN:10,(anonymous_1)
FN:15,(anonymous_2)
FN:22,(anonymous_3)
FN:27,(anonymous_4)
FN:33,(anonymous_5)
FNF:5
FNH:0
FNDA:0,(anonymous_1)
FNDA:0,(anonymous_2)
FNDA:0,(anonymous_3)
FNDA:0,(anonymous_4)
FNDA:0,(anonymous_5)
DA:1,0
DA:2,0
DA:3,0
DA:4,0
DA:5,0
DA:6,0
DA:7,0
DA:8,0
DA:10,0
DA:11,0
DA:12,0
DA:13,0
DA:15,0
DA:16,0
DA:17,0
DA:18,0
DA:19,0
DA:21,0
DA:23,0
DA:24,0
DA:25,0
DA:28,0
DA:33,0
DA:34,0
DA:35,0
DA:38,0
LF:26
LH:0
BRDA:18,0,0,0
BRDA:18,0,1,0
BRDA:46,1,0,0
BRDA:46,1,1,0
BRDA:46,1,2,0
BRF:5
BRH:0
end_of_record
TN:
SF:src\components\authSlice.d.ts
FNF:0
FNH:0
LF:0
LH:0
BRF:0
BRH:0
end_of_record
TN:
SF:src\components\authSlice.ts
FN:19,(anonymous_0)
FN:23,(anonymous_1)
FNF:2
FNH:0
FNDA:0,(anonymous_0)
FNDA:0,(anonymous_1)
DA:1,0
DA:10,0
DA:15,0
DA:20,0
DA:21,0
DA:24,0
DA:25,0
DA:30,0
DA:31,0
LF:9
LH:0
BRF:0
BRH:0
end_of_record
TN:
SF:src\components\Details\PatientDetails.d.ts
FNF:0
FNH:0
LF:0
LH:0
BRF:0
BRH:0
end_of_record
TN:
SF:src\components\Details\PatientDetails.tsx
FN:27,(anonymous_1)
FN:37,(anonymous_2)
FN:40,(anonymous_3)
FN:63,(anonymous_4)
FN:73,(anonymous_5)
FN:79,(anonymous_6)
FN:85,(anonymous_7)
FN:92,(anonymous_8)
FN:93,(anonymous_9)
FN:101,(anonymous_10)
FN:106,(anonymous_11)
FN:111,(anonymous_12)
FN:113,(anonymous_13)
FN:120,(anonymous_14)
FN:124,(anonymous_15)
FN:130,(anonymous_16)
FN:153,(anonymous_17)
FN:166,(anonymous_18)
FN:171,(anonymous_19)
FN:181,(anonymous_20)
FNF:20
FNH:0
FNDA:0,(anonymous_1)
FNDA:0,(anonymous_2)
FNDA:0,(anonymous_3)
FNDA:0,(anonymous_4)
FNDA:0,(anonymous_5)
FNDA:0,(anonymous_6)
FNDA:0,(anonymous_7)
FNDA:0,(anonymous_8)
FNDA:0,(anonymous_9)
FNDA:0,(anonymous_10)
FNDA:0,(anonymous_11)
FNDA:0,(anonymous_12)
FNDA:0,(anonymous_13)
FNDA:0,(anonymous_14)
FNDA:0,(anonymous_15)
FNDA:0,(anonymous_16)
FNDA:0,(anonymous_17)
FNDA:0,(anonymous_18)
FNDA:0,(anonymous_19)
FNDA:0,(anonymous_20)
DA:1,0
DA:2,0
DA:3,0
DA:4,0
DA:5,0
DA:6,0
DA:7,0
DA:10,0
DA:11,0
DA:12,0
DA:13,0
DA:27,0
DA:28,0
DA:29,0
DA:30,0
DA:31,0
DA:32,0
DA:33,0
DA:34,0
DA:35,0
DA:36,0
DA:37,0
DA:40,0
DA:41,0
DA:42,0
DA:43,0
DA:44,0
DA:46,0
DA:47,0
DA:48,0
DA:51,0
DA:53,0
DA:54,0
DA:55,0
DA:56,0
DA:57,0
DA:58,0
DA:59,0
DA:60,0
DA:62,0
DA:63,0
DA:64,0
DA:65,0
DA:66,0
DA:67,0
DA:68,0
DA:69,0
DA:72,0
DA:74,0
DA:75,0
DA:77,0
DA:80,0
DA:81,0
DA:82,0
DA:83,0
DA:86,0
DA:87,0
DA:92,0
DA:93,0
DA:94,0
DA:95,0
DA:96,0
DA:100,0
DA:101,0
DA:102,0
DA:106,0
DA:107,0
DA:108,0
DA:111,0
DA:112,0
DA:113,0
DA:114,0
DA:115,0
DA:116,0
DA:117,0
DA:120,0
DA:121,0
DA:123,0
DA:124,0
DA:125,0
DA:126,0
DA:129,0
DA:130,0
DA:131,0
DA:141,0
DA:143,0
DA:144,0
DA:145,0
DA:146,0
DA:149,0
DA:153,0
DA:154,0
DA:155,0
DA:156,0
DA:157,0
DA:160,0
DA:161,0
DA:162,0
DA:163,0
DA:166,0
DA:167,0
DA:168,0
DA:169,0
DA:170,0
DA:171,0
DA:172,0
DA:174,0
DA:175,0
DA:176,0
DA:177,0
DA:180,0
DA:181,0
DA:182,0
DA:184,0
DA:189,0
DA:195,0
DA:196,0
DA:199,0
DA:200,0
DA:203,0
DA:204,0
DA:207,0
DA:209,0
DA:259,0
LF:124
LH:0
BRDA:46,0,0,0
BRDA:51,1,0,0
BRDA:51,1,1,0
BRDA:60,2,0,0
BRDA:60,3,0,0
BRDA:60,3,1,0
BRDA:65,4,0,0
BRDA:74,5,0,0
BRDA:94,6,0,0
BRDA:113,7,0,0
BRDA:113,7,1,0
BRDA:114,8,0,0
BRDA:114,8,1,0
BRDA:121,9,0,0
BRDA:154,10,0,0
BRDA:156,11,0,0
BRDA:167,12,0,0
BRDA:168,13,0,0
BRDA:168,13,1,0
BRDA:169,14,0,0
BRDA:172,15,0,0
BRDA:172,15,1,0
BRDA:182,16,0,0
BRDA:182,16,1,0
BRDA:189,17,0,0
BRDA:189,17,1,0
BRDA:189,17,2,0
BRDA:189,17,3,0
BRDA:189,17,4,0
BRDA:195,18,0,0
BRDA:195,19,0,0
BRDA:195,19,1,0
BRDA:199,20,0,0
BRDA:203,21,0,0
BRDA:207,22,0,0
BRDA:207,22,1,0
BRDA:207,22,2,0
BRDA:207,22,3,0
BRDA:215,23,0,0
BRDA:215,23,1,0
BRDA:215,24,0,0
BRDA:215,24,1,0
BRDA:224,25,0,0
BRDA:224,25,1,0
BRDA:235,26,0,0
BRDA:235,26,1,0
BRDA:235,27,0,0
BRDA:235,27,1,0
BRDA:244,28,0,0
BRDA:244,28,1,0
BRF:50
BRH:0
end_of_record
TN:
SF:src\components\Form\PatientForm.d.ts
FNF:0
FNH:0
LF:0
LH:0
BRF:0
BRH:0
end_of_record
TN:
SF:src\components\Form\PatientForm.tsx
FN:29,(anonymous_1)
FN:33,(anonymous_2)
FN:37,(anonymous_3)
FN:47,(anonymous_4)
FN:52,(anonymous_5)
FN:62,(anonymous_6)
FN:67,(anonymous_7)
FN:72,(anonymous_8)
FN:141,(anonymous_9)
FNF:9
FNH:0
FNDA:0,(anonymous_1)
FNDA:0,(anonymous_2)
FNDA:0,(anonymous_3)
FNDA:0,(anonymous_4)
FNDA:0,(anonymous_5)
FNDA:0,(anonymous_6)
FNDA:0,(anonymous_7)
FNDA:0,(anonymous_8)
FNDA:0,(anonymous_9)
DA:3,0
DA:4,0
DA:5,0
DA:6,0
DA:7,0
DA:8,0
DA:9,0
DA:10,0
DA:11,0
DA:12,0
DA:29,0
DA:30,0
DA:33,0
DA:34,0
DA:35,0
DA:37,0
DA:38,0
DA:39,0
DA:41,0
DA:42,0
DA:43,0
DA:47,0
DA:48,0
DA:49,0
DA:50,0
DA:51,0
DA:52,0
DA:53,0
DA:54,0
DA:58,0
DA:59,0
DA:62,0
DA:63,0
DA:64,0
DA:67,0
DA:68,0
DA:69,0
DA:72,0
DA:73,0
DA:74,0
DA:77,0
DA:141,0
DA:186,0
LF:43
LH:0
BRDA:30,0,0,0
BRDA:30,0,1,0
BRDA:30,0,2,0
BRDA:38,1,0,0
BRDA:38,1,1,0
BRDA:51,2,0,0
BRDA:53,3,0,0
BRDA:141,4,0,0
BRDA:141,4,1,0
BRDA:151,5,0,0
BRDA:151,5,1,0
BRDA:178,6,0,0
BRDA:178,6,1,0
BRDA:179,7,0,0
BRDA:179,7,1,0
BRDA:180,8,0,0
BRDA:180,8,1,0
BRF:17
BRH:0
end_of_record
TN:
SF:src\components\Form\useFormValidation.d.ts
FNF:0
FNH:0
LF:0
LH:0
BRF:0
BRH:0
end_of_record
TN:
SF:src\components\Form\useFormValidation.tsx
FN:4,(anonymous_0)
FN:7,(anonymous_1)
FN:29,(anonymous_2)
FN:32,(anonymous_3)
FN:41,(anonymous_4)
FN:50,(anonymous_5)
FNF:6
FNH:0
FNDA:0,(anonymous_0)
FNDA:0,(anonymous_1)
FNDA:0,(anonymous_2)
FNDA:0,(anonymous_3)
FNDA:0,(anonymous_4)
FNDA:0,(anonymous_5)
DA:1,0
DA:2,0
DA:4,0
DA:5,0
DA:7,0
DA:8,0
DA:9,0
DA:10,0
DA:11,0
DA:12,0
DA:13,0
DA:14,0
DA:15,0
DA:16,0
DA:17,0
DA:18,0
DA:20,0
DA:21,0
DA:22,0
DA:23,0
DA:24,0
DA:25,0
DA:26,0
DA:29,0
DA:32,0
DA:33,0
DA:34,0
DA:35,0
DA:36,0
DA:38,0
DA:41,0
DA:42,0
DA:43,0
DA:44,0
DA:45,0
DA:47,0
DA:50,0
DA:51,0
DA:52,0
DA:54,0
DA:57,0
DA:60,0
LF:42
LH:0
BRDA:9,0,0,0
BRDA:9,0,1,0
BRDA:9,1,0,0
BRDA:9,1,1,0
BRDA:11,2,0,0
BRDA:11,2,1,0
BRDA:15,3,0,0
BRDA:15,3,1,0
BRDA:17,4,0,0
BRDA:20,5,0,0
BRDA:20,5,1,0
BRDA:20,6,0,0
BRDA:20,6,1,0
BRDA:22,7,0,0
BRDA:22,7,1,0
BRDA:22,8,0,0
BRDA:22,8,1,0
BRDA:24,9,0,0
BRDA:25,10,0,0
BRDA:33,11,0,0
BRDA:33,11,1,0
BRDA:35,12,0,0
BRDA:42,13,0,0
BRDA:42,13,1,0
BRDA:44,14,0,0
BRDA:51,15,0,0
BRF:26
BRH:0
end_of_record
TN:
SF:src\components\Form\Fields\AddressFields.d.ts
FNF:0
FNH:0
LF:0
LH:0
BRF:0
BRH:0
end_of_record
TN:
SF:src\components\Form\Fields\AddressFields.tsx
FN:11,(anonymous_1)
FN:14,(anonymous_2)
FNF:2
FNH:0
FNDA:0,(anonymous_1)
FNDA:0,(anonymous_2)
DA:3,0
DA:4,0
DA:11,0
DA:12,0
DA:14,0
DA:15,0
DA:16,0
DA:18,0
DA:21,0
DA:36,0
LF:10
LH:0
BRDA:15,0,0,0
BRF:1
BRH:0
end_of_record
TN:
SF:src\components\Form\Fields\EmailFields.d.ts
FNF:0
FNH:0
LF:0
LH:0
BRF:0
BRH:0
end_of_record
TN:
SF:src\components\Form\Fields\EmailFields.tsx
FN:11,(anonymous_1)
FN:14,(anonymous_2)
FNF:2
FNH:0
FNDA:0,(anonymous_1)
FNDA:0,(anonymous_2)
DA:3,0
DA:4,0
DA:11,0
DA:12,0
DA:14,0
DA:15,0
DA:16,0
DA:17,0
DA:18,0
DA:20,0
DA:23,0
DA:38,0
LF:12
LH:0
BRDA:15,0,0,0
BRDA:15,0,1,0
BRDA:17,1,0,0
BRF:3
BRH:0
end_of_record
TN:
SF:src\components\Form\Fields\FieldGroup.d.ts
FNF:0
FNH:0
LF:0
LH:0
BRF:0
BRH:0
end_of_record
TN:
SF:src\components\Form\Fields\FieldGroup.tsx
FN:16,(anonymous_1)
FN:29,(anonymous_2)
FN:34,(anonymous_3)
FN:37,(anonymous_4)
FN:42,(anonymous_5)
FN:43,(anonymous_6)
FN:45,(anonymous_7)
FN:52,(anonymous_8)
FN:57,(anonymous_9)
FN:63,(anonymous_10)
FN:71,(anonymous_11)
FN:74,(anonymous_12)
FN:82,(anonymous_13)
FN:87,(anonymous_14)
FNF:14
FNH:0
FNDA:0,(anonymous_1)
FNDA:0,(anonymous_2)
FNDA:0,(anonymous_3)
FNDA:0,(anonymous_4)
FNDA:0,(anonymous_5)
FNDA:0,(anonymous_6)
FNDA:0,(anonymous_7)
FNDA:0,(anonymous_8)
FNDA:0,(anonymous_9)
FNDA:0,(anonymous_10)
FNDA:0,(anonymous_11)
FNDA:0,(anonymous_12)
FNDA:0,(anonymous_13)
FNDA:0,(anonymous_14)
DA:1,0
DA:2,0
DA:16,0
DA:27,0
DA:29,0
DA:30,0
DA:31,0
DA:32,0
DA:33,0
DA:34,0
DA:37,0
DA:38,0
DA:39,0
DA:42,0
DA:43,0
DA:44,0
DA:45,0
DA:46,0
DA:47,0
DA:48,0
DA:52,0
DA:54,0
DA:58,0
DA:63,0
DA:71,0
DA:75,0
DA:82,0
DA:87,0
DA:99,0
LF:29
LH:0
BRDA:38,0,0,0
BRDA:38,0,1,0
BRDA:55,1,0,0
BRDA:55,1,1,0
BRDA:65,2,0,0
BRDA:65,2,1,0
BRDA:67,3,0,0
BRDA:67,3,1,0
BRDA:78,4,0,0
BRDA:78,4,1,0
BRDA:78,4,2,0
BRDA:81,5,0,0
BRDA:81,5,1,0
BRF:13
BRH:0
end_of_record
TN:
SF:src\components\Form\Fields\FormButtons.d.ts
FNF:0
FNH:0
LF:0
LH:0
BRF:0
BRH:0
end_of_record
TN:
SF:src\components\Form\Fields\FormButtons.tsx
FN:10,(anonymous_1)
FNF:1
FNH:0
FNDA:0,(anonymous_1)
DA:2,0
DA:10,0
DA:11,0
DA:17,0
LF:4
LH:0
BRDA:12,0,0,0
BRDA:12,0,1,0
BRF:2
BRH:0
end_of_record
TN:
SF:src\components\Form\Fields\FormField.d.ts
FNF:0
FNH:0
LF:0
LH:0
BRF:0
BRH:0
end_of_record
TN:
SF:src\components\Form\Fields\FormField.tsx
FN:15,(anonymous_1)
FNF:1
FNH:0
FNDA:0,(anonymous_1)
DA:2,0
DA:15,0
DA:16,0
DA:31,0
LF:4
LH:0
BRDA:15,0,0,0
BRDA:15,1,0,0
BRDA:25,2,0,0
BRDA:25,2,1,0
BRDA:27,3,0,0
BRDA:27,3,1,0
BRF:6
BRH:0
end_of_record
TN:
SF:src\components\Form\Fields\FormSelect.d.ts
FNF:0
FNH:0
LF:0
LH:0
BRF:0
BRH:0
end_of_record
TN:
SF:src\components\Form\Fields\FormSelect.tsx
FN:16,(anonymous_1)
FN:28,(anonymous_2)
FNF:2
FNH:0
FNDA:0,(anonymous_1)
FNDA:0,(anonymous_2)
DA:3,0
DA:16,0
DA:17,0
DA:29,0
DA:30,0
DA:36,0
DA:49,0
LF:7
LH:0
BRDA:16,0,0,0
BRDA:25,1,0,0
BRDA:25,1,1,0
BRDA:29,2,0,0
BRDA:29,2,1,0
BRDA:44,3,0,0
BRDA:44,3,1,0
BRF:7
BRH:0
end_of_record
TN:
SF:src\components\Form\Fields\FormTextArea.d.ts
FNF:0
FNH:0
LF:0
LH:0
BRF:0
BRH:0
end_of_record
TN:
SF:src\components\Form\Fields\FormTextArea.tsx
FN:14,(anonymous_1)
FNF:1
FNH:0
FNDA:0,(anonymous_1)
DA:2,0
DA:14,0
DA:15,0
DA:28,0
LF:4
LH:0
BRDA:14,0,0,0
BRDA:21,1,0,0
BRDA:21,1,1,0
BRDA:24,2,0,0
BRDA:24,2,1,0
BRF:5
BRH:0
end_of_record
TN:
SF:src\components\Form\Fields\PhoneFields.d.ts
FNF:0
FNH:0
LF:0
LH:0
BRF:0
BRH:0
end_of_record
TN:
SF:src\components\Form\Fields\PhoneFields.tsx
FN:11,(anonymous_1)
FN:14,(anonymous_2)
FNF:2
FNH:0
FNDA:0,(anonymous_1)
FNDA:0,(anonymous_2)
DA:3,0
DA:4,0
DA:11,0
DA:12,0
DA:14,0
DA:15,0
DA:16,0
DA:17,0
DA:18,0
DA:20,0
DA:23,0
DA:38,0
LF:12
LH:0
BRDA:15,0,0,0
BRDA:15,0,1,0
BRDA:17,1,0,0
BRF:3
BRH:0
end_of_record
TN:
SF:src\components\PatientInfo\PatientInfo.d.ts
FNF:0
FNH:0
LF:0
LH:0
BRF:0
BRH:0
end_of_record
TN:
SF:src\components\PatientInfo\PatientInfo.tsx
FN:11,(anonymous_1)
FN:12,(anonymous_2)
FN:16,(anonymous_3)
FN:20,(anonymous_4)
FN:24,(anonymous_5)
FN:37,(anonymous_6)
FN:81,(anonymous_7)
FNF:7
FNH:0
FNDA:0,(anonymous_1)
FNDA:0,(anonymous_2)
FNDA:0,(anonymous_3)
FNDA:0,(anonymous_4)
FNDA:0,(anonymous_5)
FNDA:0,(anonymous_6)
FNDA:0,(anonymous_7)
DA:1,0
DA:3,0
DA:11,0
DA:12,0
DA:13,0
DA:16,0
DA:17,0
DA:20,0
DA:21,0
DA:24,0
DA:25,0
DA:26,0
DA:32,0
DA:33,0
DA:38,0
DA:51,0
DA:52,0
DA:54,0
DA:81,0
DA:90,0
LF:20
LH:0
BRDA:25,0,0,0
BRDA:25,1,0,0
BRDA:25,1,1,0
BRDA:32,2,0,0
BRDA:32,2,1,0
BRDA:39,3,0,0
BRDA:39,3,1,0
BRDA:40,4,0,0
BRDA:40,4,1,0
BRDA:41,5,0,0
BRDA:41,5,1,0
BRDA:42,6,0,0
BRDA:42,6,1,0
BRDA:43,7,0,0
BRDA:43,7,1,0
BRDA:51,8,0,0
BRDA:81,9,0,0
BRDA:81,9,1,0
BRDA:82,10,0,0
BRDA:82,10,1,0
BRDA:84,11,0,0
BRDA:84,11,1,0
BRF:22
BRH:0
end_of_record
TN:
SF:src\components\PatientList\FilterByBookmarks.d.ts
FNF:0
FNH:0
LF:0
LH:0
BRF:0
BRH:0
end_of_record
TN:
SF:src\components\PatientList\FilterByBookmarks.tsx
FN:11,(anonymous_1)
FN:17,(anonymous_2)
FN:38,(anonymous_3)
FNF:3
FNH:0
FNDA:0,(anonymous_1)
FNDA:0,(anonymous_2)
FNDA:0,(anonymous_3)
DA:1,0
DA:11,0
DA:17,0
DA:18,0
DA:19,0
DA:20,0
DA:21,0
DA:22,0
DA:25,0
DA:28,0
DA:39,0
DA:51,0
LF:12
LH:0
BRDA:21,0,0,0
BRF:1
BRH:0
end_of_record
TN:
SF:src\components\PatientList\PatientList.d.ts
FNF:0
FNH:0
LF:0
LH:0
BRF:0
BRH:0
end_of_record
TN:
SF:src\components\PatientList\PatientList.tsx
FN:18,(anonymous_1)
FN:29,(anonymous_2)
FN:37,(anonymous_3)
FN:42,(anonymous_4)
FN:46,(anonymous_5)
FN:49,(anonymous_6)
FN:52,(anonymous_7)
FN:59,(anonymous_8)
FN:71,(anonymous_9)
FN:79,(anonymous_10)
FN:83,(anonymous_11)
FN:90,(anonymous_12)
FN:97,(anonymous_13)
FN:108,(anonymous_14)
FN:115,(anonymous_15)
FN:126,(anonymous_16)
FN:142,(anonymous_17)
FN:159,(anonymous_18)
FN:162,(anonymous_19)
FNF:19
FNH:0
FNDA:0,(anonymous_1)
FNDA:0,(anonymous_2)
FNDA:0,(anonymous_3)
FNDA:0,(anonymous_4)
FNDA:0,(anonymous_5)
FNDA:0,(anonymous_6)
FNDA:0,(anonymous_7)
FNDA:0,(anonymous_8)
FNDA:0,(anonymous_9)
FNDA:0,(anonymous_10)
FNDA:0,(anonymous_11)
FNDA:0,(anonymous_12)
FNDA:0,(anonymous_13)
FNDA:0,(anonymous_14)
FNDA:0,(anonymous_15)
FNDA:0,(anonymous_16)
FNDA:0,(anonymous_17)
FNDA:0,(anonymous_18)
FNDA:0,(anonymous_19)
DA:1,0
DA:2,0
DA:4,0
DA:5,0
DA:6,0
DA:7,0
DA:8,0
DA:9,0
DA:10,0
DA:11,0
DA:18,0
DA:19,0
DA:20,0
DA:21,0
DA:22,0
DA:23,0
DA:24,0
DA:25,0
DA:26,0
DA:27,0
DA:29,0
DA:30,0
DA:31,0
DA:32,0
DA:33,0
DA:37,0
DA:38,0
DA:42,0
DA:43,0
DA:46,0
DA:47,0
DA:49,0
DA:52,0
DA:53,0
DA:54,0
DA:55,0
DA:59,0
DA:60,0
DA:61,0
DA:62,0
DA:63,0
DA:64,0
DA:65,0
DA:66,0
DA:67,0
DA:71,0
DA:72,0
DA:73,0
DA:74,0
DA:75,0
DA:76,0
DA:79,0
DA:80,0
DA:83,0
DA:84,0
DA:85,0
DA:86,0
DA:90,0
DA:91,0
DA:92,0
DA:93,0
DA:94,0
DA:97,0
DA:98,0
DA:99,0
DA:102,0
DA:108,0
DA:115,0
DA:126,0
DA:142,0
DA:160,0
DA:162,0
DA:175,0
LF:73
LH:0
BRDA:32,0,0,0
BRDA:47,1,0,0
BRDA:47,1,1,0
BRDA:47,1,2,0
BRDA:47,1,3,0
BRDA:47,1,4,0
BRDA:47,2,0,0
BRDA:47,2,1,0
BRDA:53,3,0,0
BRDA:60,4,0,0
BRDA:85,5,0,0
BRDA:122,6,0,0
BRDA:122,6,1,0
BRDA:122,6,2,0
BRDA:125,7,0,0
BRDA:125,7,1,0
BRDA:163,8,0,0
BRDA:163,8,1,0
BRDA:166,9,0,0
BRDA:166,9,1,0
BRDA:166,9,2,0
BRF:21
BRH:0
end_of_record
TN:
SF:src\components\Tabs\TabPanel.d.ts
FNF:0
FNH:0
LF:0
LH:0
BRF:0
BRH:0
end_of_record
TN:
SF:src\components\Tabs\TabPanel.tsx
FN:8,(anonymous_1)
FN:14,(anonymous_2)
FN:18,(anonymous_3)
FNF:3
FNH:0
FNDA:0,(anonymous_1)
FNDA:0,(anonymous_2)
FNDA:0,(anonymous_3)
DA:1,0
DA:2,0
DA:8,0
DA:9,0
DA:11,0
DA:15,0
DA:18,0
DA:31,0
LF:8
LH:0
BRDA:17,0,0,0
BRDA:17,0,1,0
BRF:2
BRH:0
end_of_record
TN:
SF:src\hooks\useOptions.d.ts
FNF:0
FNH:0
LF:0
LH:0
BRF:0
BRH:0
end_of_record
TN:
SF:src\hooks\useOptions.ts
FN:15,(anonymous_0)
FN:27,(anonymous_1)
FN:29,(anonymous_2)
FN:30,(anonymous_3)
FN:31,(anonymous_4)
FN:46,(anonymous_5)
FNF:6
FNH:0
FNDA:0,(anonymous_0)
FNDA:0,(anonymous_1)
FNDA:0,(anonymous_2)
FNDA:0,(anonymous_3)
FNDA:0,(anonymous_4)
FNDA:0,(anonymous_5)
DA:1,0
DA:15,0
DA:16,0
DA:27,0
DA:28,0
DA:29,0
DA:31,0
DA:35,0
DA:46,0
DA:49,0
DA:52,0
LF:11
LH:0
BRDA:36,0,0,0
BRDA:36,0,1,0
BRDA:37,1,0,0
BRDA:37,1,1,0
BRDA:38,2,0,0
BRDA:38,2,1,0
BRDA:39,3,0,0
BRDA:39,3,1,0
BRDA:41,4,0,0
BRDA:41,4,1,0
BRDA:42,5,0,0
BRDA:42,5,1,0
BRDA:43,6,0,0
BRDA:43,6,1,0
BRF:14
BRH:0
end_of_record
TN:
SF:src\models\Patient.test.d.ts
FNF:0
FNH:0
LF:0
LH:0
BRF:0
BRH:0
end_of_record
TN:
SF:src\models\PatientFactory.d.ts
FNF:0
FNH:0
LF:0
LH:0
BRF:0
BRH:0
end_of_record
TN:
SF:src\models\PatientFactory.ts
FN:5,(anonymous_0)
FN:19,(anonymous_1)
FN:42,(anonymous_2)
FNF:3
FNH:0
FNDA:0,(anonymous_0)
FNDA:0,(anonymous_1)
FNDA:0,(anonymous_2)
DA:2,0
DA:4,0
DA:6,0
DA:7,0
DA:8,0
DA:20,0
DA:21,0
DA:22,0
DA:43,0
LF:9
LH:0
BRDA:5,0,0,0
BRDA:5,1,0,0
BRDA:10,2,0,0
BRDA:10,2,1,0
BRDA:19,3,0,0
BRDA:19,4,0,0
BRDA:24,5,0,0
BRDA:24,5,1,0
BRF:8
BRH:0
end_of_record
TN:
SF:src\models\PatientModels.d.ts
FNF:0
FNH:0
LF:0
LH:0
BRF:0
BRH:0
end_of_record
TN:
SF:src\models\PatientUtils.d.ts
FNF:0
FNH:0
LF:0
LH:0
BRF:0
BRH:0
end_of_record
TN:
SF:src\models\PatientUtils.ts
FN:3,(anonymous_0)
FN:9,(anonymous_1)
FN:21,(anonymous_2)
FN:23,(anonymous_3)
FNF:4
FNH:0
FNDA:0,(anonymous_0)
FNDA:0,(anonymous_1)
FNDA:0,(anonymous_2)
FNDA:0,(anonymous_3)
DA:2,0
DA:4,0
DA:5,0
DA:10,0
DA:11,0
DA:13,0
DA:14,0
DA:16,0
DA:22,0
DA:23,0
LF:10
LH:0
BRDA:10,0,0,0
BRDA:13,1,0,0
BRDA:13,2,0,0
BRDA:13,2,1,0
BRDA:23,3,0,0
BRDA:23,3,1,0
BRF:6
BRH:0
end_of_record
TN:
SF:src\shared\contactsState.d.ts
FNF:0
FNH:0
LF:0
LH:0
BRF:0
BRH:0
end_of_record
TN:
SF:src\shared\contactsState.ts
FNF:0
FNH:0
DA:1,0
DA:2,0
DA:5,0
DA:6,0
LF:4
LH:0
BRF:0
BRH:0
end_of_record
TN:
SF:src\shared\state.d.ts
FNF:0
FNH:0
LF:0
LH:0
BRF:0
BRH:0
end_of_record
TN:
SF:src\shared\state.ts
FNF:0
FNH:0
DA:6,0
DA:11,0
LF:2
LH:0
BRF:0
BRH:0
end_of_record
TN:
SF:src\store\apiDataSourceSlice.d.ts
FNF:0
FNH:0
LF:0
LH:0
BRF:0
BRH:0
end_of_record
TN:
SF:src\store\apiDataSourceSlice.ts
FN:16,(anonymous_0)
FN:19,(anonymous_1)
FNF:2
FNH:0
FNDA:0,(anonymous_0)
FNDA:0,(anonymous_1)
DA:1,0
DA:8,0
DA:12,0
DA:17,0
DA:20,0
DA:25,0
DA:26,0
LF:7
LH:0
BRF:0
BRH:0
end_of_record
TN:
SF:src\store\authSlice.d.ts
FNF:0
FNH:0
LF:0
LH:0
BRF:0
BRH:0
end_of_record
TN:
SF:src\store\authSlice.ts
FN:18,(anonymous_0)
FN:22,(anonymous_1)
FNF:2
FNH:0
FNDA:0,(anonymous_0)
FNDA:0,(anonymous_1)
DA:1,0
DA:9,0
DA:14,0
DA:19,0
DA:20,0
DA:23,0
DA:24,0
DA:29,0
DA:30,0
LF:9
LH:0
BRF:0
BRH:0
end_of_record
TN:
SF:src\store\index.d.ts
FNF:0
FNH:0
LF:0
LH:0
BRF:0
BRH:0
end_of_record
TN:
SF:src\store\index.ts
FNF:0
FNH:0
DA:1,0
DA:2,0
DA:3,0
DA:4,0
DA:6,0
DA:12,0
DA:16,0
LF:7
LH:0
BRF:0
BRH:0
end_of_record
TN:
SF:src\store\patientSlice.d.ts
FNF:0
FNH:0
LF:0
LH:0
BRF:0
BRH:0
end_of_record
TN:
SF:src\store\patientSlice.ts
FN:26,(anonymous_0)
FN:29,(anonymous_1)
FN:32,(anonymous_2)
FN:35,(anonymous_3)
FN:38,(anonymous_4)
FN:41,(anonymous_5)
FN:49,(anonymous_6)
FN:50,(anonymous_7)
FNF:8
FNH:0
FNDA:0,(anonymous_0)
FNDA:0,(anonymous_1)
FNDA:0,(anonymous_2)
FNDA:0,(anonymous_3)
FNDA:0,(anonymous_4)
FNDA:0,(anonymous_5)
FNDA:0,(anonymous_6)
FNDA:0,(anonymous_7)
DA:1,0
DA:13,0
DA:22,0
DA:27,0
DA:30,0
DA:33,0
DA:36,0
DA:39,0
DA:42,0
DA:47,0
DA:49,0
DA:50,0
DA:51,0
DA:54,0
LF:14
LH:0
BRDA:51,0,0,0
BRDA:51,0,1,0
BRDA:51,1,0,0
BRDA:51,1,1,0
BRF:4
BRH:0
end_of_record
TN:
SF:src\store\selectors.d.ts
FNF:0
FNH:0
LF:0
LH:0
BRF:0
BRH:0
end_of_record
TN:
SF:src\store\selectors.ts
FN:6,(anonymous_0)
FN:10,(anonymous_1)
FN:15,(anonymous_2)
FN:20,(anonymous_3)
FN:25,(anonymous_4)
FN:30,(anonymous_5)
FN:35,(anonymous_6)
FN:38,(anonymous_7)
FN:39,(anonymous_8)
FN:42,(anonymous_9)
FN:43,(anonymous_10)
FN:44,(anonymous_11)
FN:45,(anonymous_12)
FN:46,(anonymous_13)
FNF:14
FNH:0
FNDA:0,(anonymous_0)
FNDA:0,(anonymous_1)
FNDA:0,(anonymous_2)
FNDA:0,(anonymous_3)
FNDA:0,(anonymous_4)
FNDA:0,(anonymous_5)
FNDA:0,(anonymous_6)
FNDA:0,(anonymous_7)
FNDA:0,(anonymous_8)
FNDA:0,(anonymous_9)
FNDA:0,(anonymous_10)
FNDA:0,(anonymous_11)
FNDA:0,(anonymous_12)
FNDA:0,(anonymous_13)
DA:1,0
DA:3,0
DA:6,0
DA:8,0
DA:10,0
DA:13,0
DA:15,0
DA:18,0
DA:20,0
DA:23,0
DA:25,0
DA:28,0
DA:30,0
DA:33,0
DA:35,0
DA:38,0
DA:39,0
DA:42,0
DA:43,0
DA:44,0
DA:45,0
DA:46,0
LF:22
LH:0
BRF:0
BRH:0
end_of_record
TN:
SF:src\utils\patientStorage.d.ts
FNF:0
FNH:0
LF:0
LH:0
BRF:0
BRH:0
end_of_record
TN:
SF:src\utils\patientStorage.ts
FN:3,(anonymous_0)
FN:8,(anonymous_1)
FN:12,(anonymous_2)
FN:17,(anonymous_3)
FNF:4
FNH:0
FNDA:0,(anonymous_0)
FNDA:0,(anonymous_1)
FNDA:0,(anonymous_2)
FNDA:0,(anonymous_3)
DA:3,0
DA:4,0
DA:5,0
DA:8,0
DA:9,0
DA:12,0
DA:13,0
DA:14,0
DA:17,0
DA:18,0
LF:10
LH:0
BRDA:5,0,0,0
BRDA:5,0,1,0
BRDA:14,1,0,0
BRDA:14,1,1,0
BRF:4
BRH:0
end_of_record
TN:
SF:src\utils\transformPatient.d.ts
FNF:0
FNH:0
LF:0
LH:0
BRF:0
BRH:0
end_of_record
TN:
SF:src\utils\transformPatient.test.d.ts
FNF:0
FNH:0
LF:0
LH:0
BRF:0
BRH:0
end_of_record
TN:
SF:src\utils\transformPatient.ts
FN:3,(anonymous_0)
FN:20,(anonymous_1)
FNF:2
FNH:0
FNDA:0,(anonymous_0)
FNDA:0,(anonymous_1)
DA:3,0
DA:4,0
DA:20,0
DA:21,0
LF:4
LH:0
BRDA:6,0,0,0
BRDA:6,0,1,0
BRDA:7,1,0,0
BRDA:7,1,1,0
BRDA:28,2,0,0
BRDA:28,2,1,0
BRDA:29,3,0,0
BRDA:29,3,1,0
BRF:8
BRH:0
end_of_record
